[08-Oct-2018 06:11:47 UTC] PHP Warning:  require_once(/var/www/owncloud/lib/../../server-side/vendor/autoload.php): failed to open stream: No such file or directory in /var/www/owncloud/lib/base.php on line 60
[08-Oct-2018 06:11:47 UTC] PHP Fatal error:  require_once(): Failed opening required '/var/www/owncloud/lib/../../server-side/vendor/autoload.php' (include_path='.:/usr/share/php') in /var/www/owncloud/lib/base.php on line 60
[08-Oct-2018 06:11:50 UTC] PHP Warning:  require_once(/var/www/owncloud/lib/../../server-side/vendor/autoload.php): failed to open stream: No such file or directory in /var/www/owncloud/lib/base.php on line 60
[08-Oct-2018 06:11:50 UTC] PHP Fatal error:  require_once(): Failed opening required '/var/www/owncloud/lib/../../server-side/vendor/autoload.php' (include_path='.:/usr/share/php') in /var/www/owncloud/lib/base.php on line 60
[08-Oct-2018 06:11:50 UTC] PHP Warning:  require_once(/var/www/owncloud/lib/../../server-side/vendor/autoload.php): failed to open stream: No such file or directory in /var/www/owncloud/lib/base.php on line 60
[08-Oct-2018 06:11:50 UTC] PHP Fatal error:  require_once(): Failed opening required '/var/www/owncloud/lib/../../server-side/vendor/autoload.php' (include_path='.:/usr/share/php') in /var/www/owncloud/lib/base.php on line 60
[08-Oct-2018 06:12:48 UTC] PHP Warning:  require_once(/var/www/owncloud/lib/../../server-side/vendor/autoload.php): failed to open stream: No such file or directory in /var/www/owncloud/lib/base.php on line 60
[08-Oct-2018 06:12:48 UTC] PHP Fatal error:  require_once(): Failed opening required '/var/www/owncloud/lib/../../server-side/vendor/autoload.php' (include_path='.:/usr/share/php') in /var/www/owncloud/lib/base.php on line 60
[08-Oct-2018 06:13:29 UTC] PHP Warning:  require_once(/var/www/owncloud/lib/../../server-side/vendor/autoload.php): failed to open stream: No such file or directory in /var/www/owncloud/lib/base.php on line 60
[08-Oct-2018 06:13:29 UTC] PHP Fatal error:  require_once(): Failed opening required '/var/www/owncloud/lib/../../server-side/vendor/autoload.php' (include_path='.:/usr/share/php') in /var/www/owncloud/lib/base.php on line 60
[08-Oct-2018 06:13:29 UTC] PHP Warning:  require_once(/var/www/owncloud/lib/../../server-side/vendor/autoload.php): failed to open stream: No such file or directory in /var/www/owncloud/lib/base.php on line 60
[08-Oct-2018 06:13:29 UTC] PHP Fatal error:  require_once(): Failed opening required '/var/www/owncloud/lib/../../server-side/vendor/autoload.php' (include_path='.:/usr/share/php') in /var/www/owncloud/lib/base.php on line 60
[08-Oct-2018 06:13:30 UTC] PHP Warning:  require_once(/var/www/owncloud/lib/../../server-side/vendor/autoload.php): failed to open stream: No such file or directory in /var/www/owncloud/lib/base.php on line 60
[08-Oct-2018 06:13:30 UTC] PHP Fatal error:  require_once(): Failed opening required '/var/www/owncloud/lib/../../server-side/vendor/autoload.php' (include_path='.:/usr/share/php') in /var/www/owncloud/lib/base.php on line 60
[08-Oct-2018 06:13:30 UTC] PHP Warning:  require_once(/var/www/owncloud/lib/../../server-side/vendor/autoload.php): failed to open stream: No such file or directory in /var/www/owncloud/lib/base.php on line 60
[08-Oct-2018 06:13:30 UTC] PHP Fatal error:  require_once(): Failed opening required '/var/www/owncloud/lib/../../server-side/vendor/autoload.php' (include_path='.:/usr/share/php') in /var/www/owncloud/lib/base.php on line 60
[08-Oct-2018 06:13:30 UTC] PHP Warning:  require_once(/var/www/owncloud/lib/../../server-side/vendor/autoload.php): failed to open stream: No such file or directory in /var/www/owncloud/lib/base.php on line 60
[08-Oct-2018 06:13:30 UTC] PHP Fatal error:  require_once(): Failed opening required '/var/www/owncloud/lib/../../server-side/vendor/autoload.php' (include_path='.:/usr/share/php') in /var/www/owncloud/lib/base.php on line 60
[08-Oct-2018 06:13:30 UTC] PHP Warning:  require_once(/var/www/owncloud/lib/../../server-side/vendor/autoload.php): failed to open stream: No such file or directory in /var/www/owncloud/lib/base.php on line 60
[08-Oct-2018 06:13:30 UTC] PHP Fatal error:  require_once(): Failed opening required '/var/www/owncloud/lib/../../server-side/vendor/autoload.php' (include_path='.:/usr/share/php') in /var/www/owncloud/lib/base.php on line 60
[08-Oct-2018 06:13:30 UTC] PHP Warning:  require_once(/var/www/owncloud/lib/../../server-side/vendor/autoload.php): failed to open stream: No such file or directory in /var/www/owncloud/lib/base.php on line 60
[08-Oct-2018 06:13:30 UTC] PHP Fatal error:  require_once(): Failed opening required '/var/www/owncloud/lib/../../server-side/vendor/autoload.php' (include_path='.:/usr/share/php') in /var/www/owncloud/lib/base.php on line 60
[08-Oct-2018 06:13:41 UTC] PHP Warning:  require_once(/var/www/owncloud/lib/../../server-side/vendor/autoload.php): failed to open stream: No such file or directory in /var/www/owncloud/lib/base.php on line 60
[08-Oct-2018 06:13:41 UTC] PHP Fatal error:  require_once(): Failed opening required '/var/www/owncloud/lib/../../server-side/vendor/autoload.php' (include_path='.:/usr/share/php') in /var/www/owncloud/lib/base.php on line 60
[08-Oct-2018 06:13:42 UTC] PHP Warning:  require_once(/var/www/owncloud/lib/../../server-side/vendor/autoload.php): failed to open stream: No such file or directory in /var/www/owncloud/lib/base.php on line 60
[08-Oct-2018 06:13:42 UTC] PHP Fatal error:  require_once(): Failed opening required '/var/www/owncloud/lib/../../server-side/vendor/autoload.php' (include_path='.:/usr/share/php') in /var/www/owncloud/lib/base.php on line 60
[08-Oct-2018 06:13:42 UTC] PHP Warning:  require_once(/var/www/owncloud/lib/../../server-side/vendor/autoload.php): failed to open stream: No such file or directory in /var/www/owncloud/lib/base.php on line 60
[08-Oct-2018 06:13:42 UTC] PHP Fatal error:  require_once(): Failed opening required '/var/www/owncloud/lib/../../server-side/vendor/autoload.php' (include_path='.:/usr/share/php') in /var/www/owncloud/lib/base.php on line 60
[08-Oct-2018 06:13:46 UTC] PHP Fatal error:  Uncaught Error: Class 'OC' not found in /var/www/owncloud/index.php:94
Stack trace:
#0 {main}
  thrown in /var/www/owncloud/index.php on line 94
[08-Oct-2018 06:13:46 UTC] PHP Fatal error:  Uncaught Error: Class 'OC' not found in /var/www/owncloud/index.php:94
Stack trace:
#0 {main}
  thrown in /var/www/owncloud/index.php on line 94
[08-Oct-2018 06:13:46 UTC] PHP Fatal error:  Uncaught Error: Class 'OC' not found in /var/www/owncloud/index.php:94
Stack trace:
#0 {main}
  thrown in /var/www/owncloud/index.php on line 94
[08-Oct-2018 06:14:04 UTC] PHP Fatal error:  Uncaught Error: Call to undefined function dd() in /var/www/owncloud/index.php:38
Stack trace:
#0 {main}
  thrown in /var/www/owncloud/index.php on line 38
[08-Oct-2018 06:14:39 UTC] PHP Warning:  Unknown: failed to open stream: Text file busy in Unknown on line 0
2018/10/08 06:14:39 [error] 6#6: *6 FastCGI sent in stderr: "Unable to open primary script: /var/www/owncloud/index.php (Text file busy)" while reading response header from upstream, client: 10.0.2.2, server: _, request: "GET / HTTP/1.1", upstream: "fastcgi://172.19.0.3:9000", host: "biznext.local"
[08-Oct-2018 06:14:39 UTC] PHP Warning:  require_once(/var/www/owncloud/lib/../../server-side/vendor/autoload.php): failed to open stream: No such file or directory in /var/www/owncloud/lib/base.php on line 60
[08-Oct-2018 06:14:39 UTC] PHP Fatal error:  require_once(): Failed opening required '/var/www/owncloud/lib/../../server-side/vendor/autoload.php' (include_path='.:/usr/share/php') in /var/www/owncloud/lib/base.php on line 60
[08-Oct-2018 06:14:40 UTC] PHP Warning:  require_once(/var/www/owncloud/lib/../../server-side/vendor/autoload.php): failed to open stream: No such file or directory in /var/www/owncloud/lib/base.php on line 60
[08-Oct-2018 06:14:40 UTC] PHP Fatal error:  require_once(): Failed opening required '/var/www/owncloud/lib/../../server-side/vendor/autoload.php' (include_path='.:/usr/share/php') in /var/www/owncloud/lib/base.php on line 60
[08-Oct-2018 06:14:41 UTC] PHP Warning:  require_once(/var/www/owncloud/lib/../../server-side/vendor/autoload.php): failed to open stream: No such file or directory in /var/www/owncloud/lib/base.php on line 60
[08-Oct-2018 06:14:41 UTC] PHP Fatal error:  require_once(): Failed opening required '/var/www/owncloud/lib/../../server-side/vendor/autoload.php' (include_path='.:/usr/share/php') in /var/www/owncloud/lib/base.php on line 60
[08-Oct-2018 06:14:41 UTC] PHP Warning:  require_once(/var/www/owncloud/lib/../../server-side/vendor/autoload.php): failed to open stream: No such file or directory in /var/www/owncloud/lib/base.php on line 60
[08-Oct-2018 06:14:41 UTC] PHP Fatal error:  require_once(): Failed opening required '/var/www/owncloud/lib/../../server-side/vendor/autoload.php' (include_path='.:/usr/share/php') in /var/www/owncloud/lib/base.php on line 60
[08-Oct-2018 06:14:42 UTC] PHP Warning:  require_once(/var/www/owncloud/lib/../../server-side/vendor/autoload.php): failed to open stream: No such file or directory in /var/www/owncloud/lib/base.php on line 60
[08-Oct-2018 06:14:42 UTC] PHP Fatal error:  require_once(): Failed opening required '/var/www/owncloud/lib/../../server-side/vendor/autoload.php' (include_path='.:/usr/share/php') in /var/www/owncloud/lib/base.php on line 60
[08-Oct-2018 06:14:42 UTC] PHP Warning:  require_once(/var/www/owncloud/lib/../../server-side/vendor/autoload.php): failed to open stream: No such file or directory in /var/www/owncloud/lib/base.php on line 60
[08-Oct-2018 06:14:42 UTC] PHP Fatal error:  require_once(): Failed opening required '/var/www/owncloud/lib/../../server-side/vendor/autoload.php' (include_path='.:/usr/share/php') in /var/www/owncloud/lib/base.php on line 60
[08-Oct-2018 06:14:42 UTC] PHP Warning:  require_once(/var/www/owncloud/lib/../../server-side/vendor/autoload.php): failed to open stream: No such file or directory in /var/www/owncloud/lib/base.php on line 60
[08-Oct-2018 06:14:42 UTC] PHP Fatal error:  require_once(): Failed opening required '/var/www/owncloud/lib/../../server-side/vendor/autoload.php' (include_path='.:/usr/share/php') in /var/www/owncloud/lib/base.php on line 60
[08-Oct-2018 06:14:42 UTC] PHP Warning:  require_once(/var/www/owncloud/lib/../../server-side/vendor/autoload.php): failed to open stream: No such file or directory in /var/www/owncloud/lib/base.php on line 60
[08-Oct-2018 06:14:42 UTC] PHP Fatal error:  require_once(): Failed opening required '/var/www/owncloud/lib/../../server-side/vendor/autoload.php' (include_path='.:/usr/share/php') in /var/www/owncloud/lib/base.php on line 60
[08-Oct-2018 06:14:42 UTC] PHP Warning:  require_once(/var/www/owncloud/lib/../../server-side/vendor/autoload.php): failed to open stream: No such file or directory in /var/www/owncloud/lib/base.php on line 60
[08-Oct-2018 06:14:42 UTC] PHP Fatal error:  require_once(): Failed opening required '/var/www/owncloud/lib/../../server-side/vendor/autoload.php' (include_path='.:/usr/share/php') in /var/www/owncloud/lib/base.php on line 60
[08-Oct-2018 06:14:43 UTC] PHP Warning:  require_once(/var/www/owncloud/lib/../../server-side/vendor/autoload.php): failed to open stream: No such file or directory in /var/www/owncloud/lib/base.php on line 60
[08-Oct-2018 06:14:43 UTC] PHP Fatal error:  require_once(): Failed opening required '/var/www/owncloud/lib/../../server-side/vendor/autoload.php' (include_path='.:/usr/share/php') in /var/www/owncloud/lib/base.php on line 60
[08-Oct-2018 06:19:38 UTC] PHP Warning:  require_once(/var/www/owncloud/lib/../../server-side/vendor/autoload.php): failed to open stream: No such file or directory in /var/www/owncloud/lib/base.php on line 60
[08-Oct-2018 06:19:38 UTC] PHP Fatal error:  require_once(): Failed opening required '/var/www/owncloud/lib/../../server-side/vendor/autoload.php' (include_path='.:/usr/share/php') in /var/www/owncloud/lib/base.php on line 60
[08-Oct-2018 06:19:38 UTC] PHP Warning:  require_once(/var/www/owncloud/lib/../../server-side/vendor/autoload.php): failed to open stream: No such file or directory in /var/www/owncloud/lib/base.php on line 60
[08-Oct-2018 06:19:38 UTC] PHP Fatal error:  require_once(): Failed opening required '/var/www/owncloud/lib/../../server-side/vendor/autoload.php' (include_path='.:/usr/share/php') in /var/www/owncloud/lib/base.php on line 60
[08-Oct-2018 06:19:38 UTC] PHP Warning:  require_once(/var/www/owncloud/lib/../../server-side/vendor/autoload.php): failed to open stream: No such file or directory in /var/www/owncloud/lib/base.php on line 60
[08-Oct-2018 06:19:38 UTC] PHP Fatal error:  require_once(): Failed opening required '/var/www/owncloud/lib/../../server-side/vendor/autoload.php' (include_path='.:/usr/share/php') in /var/www/owncloud/lib/base.php on line 60
[08-Oct-2018 06:19:39 UTC] PHP Warning:  require_once(/var/www/owncloud/lib/../../server-side/vendor/autoload.php): failed to open stream: No such file or directory in /var/www/owncloud/lib/base.php on line 60
[08-Oct-2018 06:19:39 UTC] PHP Fatal error:  require_once(): Failed opening required '/var/www/owncloud/lib/../../server-side/vendor/autoload.php' (include_path='.:/usr/share/php') in /var/www/owncloud/lib/base.php on line 60
[08-Oct-2018 06:19:39 UTC] PHP Warning:  require_once(/var/www/owncloud/lib/../../server-side/vendor/autoload.php): failed to open stream: No such file or directory in /var/www/owncloud/lib/base.php on line 60
[08-Oct-2018 06:19:39 UTC] PHP Fatal error:  require_once(): Failed opening required '/var/www/owncloud/lib/../../server-side/vendor/autoload.php' (include_path='.:/usr/share/php') in /var/www/owncloud/lib/base.php on line 60
[08-Oct-2018 06:19:39 UTC] PHP Warning:  require_once(/var/www/owncloud/lib/../../server-side/vendor/autoload.php): failed to open stream: No such file or directory in /var/www/owncloud/lib/base.php on line 60
[08-Oct-2018 06:19:39 UTC] PHP Fatal error:  require_once(): Failed opening required '/var/www/owncloud/lib/../../server-side/vendor/autoload.php' (include_path='.:/usr/share/php') in /var/www/owncloud/lib/base.php on line 60
[08-Oct-2018 06:19:59 UTC] PHP Warning:  require_once(/var/www/owncloud/lib/../../server-side/vendor/autoload.php): failed to open stream: No such file or directory in /var/www/owncloud/lib/base.php on line 60
[08-Oct-2018 06:19:59 UTC] PHP Fatal error:  require_once(): Failed opening required '/var/www/owncloud/lib/../../server-side/vendor/autoload.php' (include_path='.:/usr/share/php') in /var/www/owncloud/lib/base.php on line 60
[08-Oct-2018 06:19:59 UTC] PHP Warning:  require_once(/var/www/owncloud/lib/../../server-side/vendor/autoload.php): failed to open stream: No such file or directory in /var/www/owncloud/lib/base.php on line 60
[08-Oct-2018 06:19:59 UTC] PHP Fatal error:  require_once(): Failed opening required '/var/www/owncloud/lib/../../server-side/vendor/autoload.php' (include_path='.:/usr/share/php') in /var/www/owncloud/lib/base.php on line 60
[08-Oct-2018 06:19:59 UTC] PHP Warning:  require_once(/var/www/owncloud/lib/../../server-side/vendor/autoload.php): failed to open stream: No such file or directory in /var/www/owncloud/lib/base.php on line 60
[08-Oct-2018 06:19:59 UTC] PHP Fatal error:  require_once(): Failed opening required '/var/www/owncloud/lib/../../server-side/vendor/autoload.php' (include_path='.:/usr/share/php') in /var/www/owncloud/lib/base.php on line 60
[08-Oct-2018 06:20:29 UTC] PHP Warning:  require_once(/var/www/owncloud/lib/../../server-side/vendor/autoload.php): failed to open stream: No such file or directory in /var/www/owncloud/lib/base.php on line 60
[08-Oct-2018 06:20:29 UTC] PHP Fatal error:  require_once(): Failed opening required '/var/www/owncloud/lib/../../server-side/vendor/autoload.php' (include_path='.:/usr/share/php') in /var/www/owncloud/lib/base.php on line 60
[08-Oct-2018 06:20:29 UTC] PHP Warning:  require_once(/var/www/owncloud/lib/../../server-side/vendor/autoload.php): failed to open stream: No such file or directory in /var/www/owncloud/lib/base.php on line 60
[08-Oct-2018 06:20:29 UTC] PHP Fatal error:  require_once(): Failed opening required '/var/www/owncloud/lib/../../server-side/vendor/autoload.php' (include_path='.:/usr/share/php') in /var/www/owncloud/lib/base.php on line 60
[08-Oct-2018 06:20:30 UTC] PHP Warning:  require_once(/var/www/owncloud/lib/../../server-side/vendor/autoload.php): failed to open stream: No such file or directory in /var/www/owncloud/lib/base.php on line 60
[08-Oct-2018 06:20:30 UTC] PHP Fatal error:  require_once(): Failed opening required '/var/www/owncloud/lib/../../server-side/vendor/autoload.php' (include_path='.:/usr/share/php') in /var/www/owncloud/lib/base.php on line 60
[08-Oct-2018 06:20:30 UTC] PHP Warning:  require_once(/var/www/owncloud/lib/../../server-side/vendor/autoload.php): failed to open stream: No such file or directory in /var/www/owncloud/lib/base.php on line 60
[08-Oct-2018 06:20:30 UTC] PHP Fatal error:  require_once(): Failed opening required '/var/www/owncloud/lib/../../server-side/vendor/autoload.php' (include_path='.:/usr/share/php') in /var/www/owncloud/lib/base.php on line 60
[08-Oct-2018 06:20:30 UTC] PHP Warning:  require_once(/var/www/owncloud/lib/../../server-side/vendor/autoload.php): failed to open stream: No such file or directory in /var/www/owncloud/lib/base.php on line 60
[08-Oct-2018 06:20:30 UTC] PHP Fatal error:  require_once(): Failed opening required '/var/www/owncloud/lib/../../server-side/vendor/autoload.php' (include_path='.:/usr/share/php') in /var/www/owncloud/lib/base.php on line 60
[08-Oct-2018 06:20:30 UTC] PHP Warning:  require_once(/var/www/owncloud/lib/../../server-side/vendor/autoload.php): failed to open stream: No such file or directory in /var/www/owncloud/lib/base.php on line 60
[08-Oct-2018 06:20:30 UTC] PHP Fatal error:  require_once(): Failed opening required '/var/www/owncloud/lib/../../server-side/vendor/autoload.php' (include_path='.:/usr/share/php') in /var/www/owncloud/lib/base.php on line 60
[08-Oct-2018 06:20:30 UTC] PHP Warning:  require_once(/var/www/owncloud/lib/../../server-side/vendor/autoload.php): failed to open stream: No such file or directory in /var/www/owncloud/lib/base.php on line 60
[08-Oct-2018 06:20:30 UTC] PHP Fatal error:  require_once(): Failed opening required '/var/www/owncloud/lib/../../server-side/vendor/autoload.php' (include_path='.:/usr/share/php') in /var/www/owncloud/lib/base.php on line 60
[08-Oct-2018 06:20:31 UTC] PHP Warning:  require_once(/var/www/owncloud/lib/../../server-side/vendor/autoload.php): failed to open stream: No such file or directory in /var/www/owncloud/lib/base.php on line 60
[08-Oct-2018 06:20:31 UTC] PHP Fatal error:  require_once(): Failed opening required '/var/www/owncloud/lib/../../server-side/vendor/autoload.php' (include_path='.:/usr/share/php') in /var/www/owncloud/lib/base.php on line 60
[08-Oct-2018 06:20:31 UTC] PHP Warning:  require_once(/var/www/owncloud/lib/../../server-side/vendor/autoload.php): failed to open stream: No such file or directory in /var/www/owncloud/lib/base.php on line 60
[08-Oct-2018 06:20:31 UTC] PHP Fatal error:  require_once(): Failed opening required '/var/www/owncloud/lib/../../server-side/vendor/autoload.php' (include_path='.:/usr/share/php') in /var/www/owncloud/lib/base.php on line 60
[08-Oct-2018 06:20:32 UTC] PHP Warning:  require_once(/var/www/owncloud/lib/../../server-side/vendor/autoload.php): failed to open stream: No such file or directory in /var/www/owncloud/lib/base.php on line 60
[08-Oct-2018 06:20:32 UTC] PHP Fatal error:  require_once(): Failed opening required '/var/www/owncloud/lib/../../server-side/vendor/autoload.php' (include_path='.:/usr/share/php') in /var/www/owncloud/lib/base.php on line 60
[08-Oct-2018 06:20:33 UTC] PHP Warning:  require_once(/var/www/owncloud/lib/../../server-side/vendor/autoload.php): failed to open stream: No such file or directory in /var/www/owncloud/lib/base.php on line 60
[08-Oct-2018 06:20:33 UTC] PHP Fatal error:  require_once(): Failed opening required '/var/www/owncloud/lib/../../server-side/vendor/autoload.php' (include_path='.:/usr/share/php') in /var/www/owncloud/lib/base.php on line 60
[08-Oct-2018 07:01:12 UTC] PHP Warning:  mysqli::__construct(): (HY000/2002): No such file or directory in /var/www/owncloud/index.php on line 2
[08-Oct-2018 07:01:12 UTC] PHP Warning:  mysqli::__construct(): (HY000/2002): No such file or directory in /var/www/owncloud/index.php on line 2
[08-Oct-2018 07:01:27 UTC] PHP Warning:  mysqli::__construct(): (HY000/2002): No such file or directory in /var/www/owncloud/index.php on line 2
[08-Oct-2018 07:01:27 UTC] PHP Warning:  mysqli::__construct(): (HY000/2002): No such file or directory in /var/www/owncloud/index.php on line 2
[08-Oct-2018 07:01:27 UTC] PHP Warning:  mysqli::__construct(): (HY000/2002): No such file or directory in /var/www/owncloud/index.php on line 2
[08-Oct-2018 07:01:27 UTC] PHP Warning:  mysqli::__construct(): (HY000/2002): No such file or directory in /var/www/owncloud/index.php on line 2
[08-Oct-2018 07:01:27 UTC] PHP Warning:  mysqli::__construct(): (HY000/2002): No such file or directory in /var/www/owncloud/index.php on line 2
[08-Oct-2018 07:01:28 UTC] PHP Warning:  mysqli::__construct(): (HY000/2002): No such file or directory in /var/www/owncloud/index.php on line 2
[08-Oct-2018 07:01:28 UTC] PHP Warning:  mysqli::__construct(): (HY000/2002): No such file or directory in /var/www/owncloud/index.php on line 2
[08-Oct-2018 07:01:28 UTC] PHP Warning:  mysqli::__construct(): (HY000/2002): No such file or directory in /var/www/owncloud/index.php on line 2
[08-Oct-2018 07:01:28 UTC] PHP Warning:  mysqli::__construct(): (HY000/2002): No such file or directory in /var/www/owncloud/index.php on line 2
[08-Oct-2018 07:01:28 UTC] PHP Warning:  mysqli::__construct(): (HY000/2002): No such file or directory in /var/www/owncloud/index.php on line 2
[08-Oct-2018 07:01:37 UTC] PHP Warning:  mysqli::__construct(): (HY000/1049): Unknown database '3306' in /var/www/owncloud/index.php on line 2
[08-Oct-2018 07:01:38 UTC] PHP Warning:  mysqli::__construct(): (HY000/1049): Unknown database '3306' in /var/www/owncloud/index.php on line 2
2018/10/08 07:11:50 [error] 6#6: *64 upstream timed out (110: Connection timed out) while reading response header from upstream, client: 10.0.2.2, server: _, request: "POST /index.php HTTP/1.1", upstream: "fastcgi://172.19.0.3:9000", host: "biznext.local"
[08-Oct-2018 07:16:23 UTC] PHP Warning:  require_once(/var/www/owncloud/lib/../apps/elastic_search/vendor/autoload.php): failed to open stream: No such file or directory in /var/www/owncloud/lib/base.php on line 60
[08-Oct-2018 07:16:23 UTC] PHP Fatal error:  require_once(): Failed opening required '/var/www/owncloud/lib/../apps/elastic_search/vendor/autoload.php' (include_path='.:/usr/share/php') in /var/www/owncloud/lib/base.php on line 60
[08-Oct-2018 07:16:33 UTC] PHP Warning:  require_once(/var/www/owncloud/lib/../apps/elastic_search/vendor/autoload.php): failed to open stream: No such file or directory in /var/www/owncloud/lib/base.php on line 60
[08-Oct-2018 07:16:33 UTC] PHP Fatal error:  require_once(): Failed opening required '/var/www/owncloud/lib/../apps/elastic_search/vendor/autoload.php' (include_path='.:/usr/share/php') in /var/www/owncloud/lib/base.php on line 60
[08-Oct-2018 07:16:49 UTC] PHP Warning:  require_once(/var/www/owncloud/lib/../apps/elastic_search/vendor/autoload.php): failed to open stream: No such file or directory in /var/www/owncloud/lib/base.php on line 60
[08-Oct-2018 07:16:49 UTC] PHP Fatal error:  require_once(): Failed opening required '/var/www/owncloud/lib/../apps/elastic_search/vendor/autoload.php' (include_path='.:/usr/share/php') in /var/www/owncloud/lib/base.php on line 60
[08-Oct-2018 07:16:50 UTC] PHP Warning:  require_once(/var/www/owncloud/lib/../apps/elastic_search/vendor/autoload.php): failed to open stream: No such file or directory in /var/www/owncloud/lib/base.php on line 60
[08-Oct-2018 07:16:50 UTC] PHP Fatal error:  require_once(): Failed opening required '/var/www/owncloud/lib/../apps/elastic_search/vendor/autoload.php' (include_path='.:/usr/share/php') in /var/www/owncloud/lib/base.php on line 60
[08-Oct-2018 07:17:28 UTC] PHP Warning:  require_once(/var/www/owncloud/lib/../apps/elastic_search/vendor/autoload.php): failed to open stream: No such file or directory in /var/www/owncloud/lib/base.php on line 60
[08-Oct-2018 07:17:28 UTC] PHP Fatal error:  require_once(): Failed opening required '/var/www/owncloud/lib/../apps/elastic_search/vendor/autoload.php' (include_path='.:/usr/share/php') in /var/www/owncloud/lib/base.php on line 60
[08-Oct-2018 07:18:17 UTC] PHP Warning:  require_once(/var/www/owncloud/lib/../apps/elastic_search/vendor/autoload.php): failed to open stream: No such file or directory in /var/www/owncloud/lib/base.php on line 60
[08-Oct-2018 07:18:17 UTC] PHP Fatal error:  require_once(): Failed opening required '/var/www/owncloud/lib/../apps/elastic_search/vendor/autoload.php' (include_path='.:/usr/share/php') in /var/www/owncloud/lib/base.php on line 60
[08-Oct-2018 07:19:08 UTC] PHP Warning:  require_once(/var/www/owncloud/lib/../apps/elastic_search/vendor/autoload.php): failed to open stream: No such file or directory in /var/www/owncloud/lib/base.php on line 60
[08-Oct-2018 07:19:08 UTC] PHP Fatal error:  require_once(): Failed opening required '/var/www/owncloud/lib/../apps/elastic_search/vendor/autoload.php' (include_path='.:/usr/share/php') in /var/www/owncloud/lib/base.php on line 60
[08-Oct-2018 07:19:10 UTC] PHP Warning:  require_once(/var/www/owncloud/lib/../apps/elastic_search/vendor/autoload.php): failed to open stream: No such file or directory in /var/www/owncloud/lib/base.php on line 60
[08-Oct-2018 07:19:10 UTC] PHP Fatal error:  require_once(): Failed opening required '/var/www/owncloud/lib/../apps/elastic_search/vendor/autoload.php' (include_path='.:/usr/share/php') in /var/www/owncloud/lib/base.php on line 60
[08-Oct-2018 07:19:10 UTC] PHP Warning:  require_once(/var/www/owncloud/lib/../apps/elastic_search/vendor/autoload.php): failed to open stream: No such file or directory in /var/www/owncloud/lib/base.php on line 60
[08-Oct-2018 07:19:10 UTC] PHP Fatal error:  require_once(): Failed opening required '/var/www/owncloud/lib/../apps/elastic_search/vendor/autoload.php' (include_path='.:/usr/share/php') in /var/www/owncloud/lib/base.php on line 60
[08-Oct-2018 07:19:10 UTC] PHP Warning:  require_once(/var/www/owncloud/lib/../apps/elastic_search/vendor/autoload.php): failed to open stream: No such file or directory in /var/www/owncloud/lib/base.php on line 60
[08-Oct-2018 07:19:10 UTC] PHP Fatal error:  require_once(): Failed opening required '/var/www/owncloud/lib/../apps/elastic_search/vendor/autoload.php' (include_path='.:/usr/share/php') in /var/www/owncloud/lib/base.php on line 60
[08-Oct-2018 07:19:13 UTC] PHP Warning:  require_once(/var/www/owncloud/lib/../apps/elastic_search/vendor/autoload.php): failed to open stream: No such file or directory in /var/www/owncloud/lib/base.php on line 60
[08-Oct-2018 07:19:13 UTC] PHP Fatal error:  require_once(): Failed opening required '/var/www/owncloud/lib/../apps/elastic_search/vendor/autoload.php' (include_path='.:/usr/share/php') in /var/www/owncloud/lib/base.php on line 60
[08-Oct-2018 07:19:31 UTC] PHP Warning:  require_once(/var/www/owncloud/lib/../apps/elastic_search/vendor/autoload.php): failed to open stream: No such file or directory in /var/www/owncloud/lib/base.php on line 60
[08-Oct-2018 07:19:31 UTC] PHP Fatal error:  require_once(): Failed opening required '/var/www/owncloud/lib/../apps/elastic_search/vendor/autoload.php' (include_path='.:/usr/share/php') in /var/www/owncloud/lib/base.php on line 60
[08-Oct-2018 07:19:33 UTC] PHP Warning:  require_once(/var/www/owncloud/lib/../apps/elastic_search/vendor/autoload.php): failed to open stream: No such file or directory in /var/www/owncloud/lib/base.php on line 60
[08-Oct-2018 07:19:33 UTC] PHP Fatal error:  require_once(): Failed opening required '/var/www/owncloud/lib/../apps/elastic_search/vendor/autoload.php' (include_path='.:/usr/share/php') in /var/www/owncloud/lib/base.php on line 60
[08-Oct-2018 07:19:37 UTC] PHP Warning:  require_once(/var/www/owncloud/lib/../apps/elastic_search/vendor/autoload.php): failed to open stream: No such file or directory in /var/www/owncloud/lib/base.php on line 60
[08-Oct-2018 07:19:37 UTC] PHP Fatal error:  require_once(): Failed opening required '/var/www/owncloud/lib/../apps/elastic_search/vendor/autoload.php' (include_path='.:/usr/share/php') in /var/www/owncloud/lib/base.php on line 60
[08-Oct-2018 07:19:51 UTC] PHP Warning:  require_once(/var/www/owncloud/lib/../apps/elastic_search/vendor/autoload.php): failed to open stream: No such file or directory in /var/www/owncloud/lib/base.php on line 60
[08-Oct-2018 07:19:51 UTC] PHP Fatal error:  require_once(): Failed opening required '/var/www/owncloud/lib/../apps/elastic_search/vendor/autoload.php' (include_path='.:/usr/share/php') in /var/www/owncloud/lib/base.php on line 60
[08-Oct-2018 07:19:53 UTC] PHP Warning:  require_once(/var/www/owncloud/lib/../apps/elastic_search/vendor/autoload.php): failed to open stream: No such file or directory in /var/www/owncloud/lib/base.php on line 60
[08-Oct-2018 07:19:53 UTC] PHP Fatal error:  require_once(): Failed opening required '/var/www/owncloud/lib/../apps/elastic_search/vendor/autoload.php' (include_path='.:/usr/share/php') in /var/www/owncloud/lib/base.php on line 60
[08-Oct-2018 07:19:53 UTC] PHP Warning:  require_once(/var/www/owncloud/lib/../apps/elastic_search/vendor/autoload.php): failed to open stream: No such file or directory in /var/www/owncloud/lib/base.php on line 60
[08-Oct-2018 07:19:53 UTC] PHP Fatal error:  require_once(): Failed opening required '/var/www/owncloud/lib/../apps/elastic_search/vendor/autoload.php' (include_path='.:/usr/share/php') in /var/www/owncloud/lib/base.php on line 60
[08-Oct-2018 07:19:53 UTC] PHP Warning:  require_once(/var/www/owncloud/lib/../apps/elastic_search/vendor/autoload.php): failed to open stream: No such file or directory in /var/www/owncloud/lib/base.php on line 60
[08-Oct-2018 07:19:53 UTC] PHP Fatal error:  require_once(): Failed opening required '/var/www/owncloud/lib/../apps/elastic_search/vendor/autoload.php' (include_path='.:/usr/share/php') in /var/www/owncloud/lib/base.php on line 60
[08-Oct-2018 07:19:53 UTC] PHP Warning:  require_once(/var/www/owncloud/lib/../apps/elastic_search/vendor/autoload.php): failed to open stream: No such file or directory in /var/www/owncloud/lib/base.php on line 60
[08-Oct-2018 07:19:53 UTC] PHP Fatal error:  require_once(): Failed opening required '/var/www/owncloud/lib/../apps/elastic_search/vendor/autoload.php' (include_path='.:/usr/share/php') in /var/www/owncloud/lib/base.php on line 60
[08-Oct-2018 07:19:53 UTC] PHP Warning:  require_once(/var/www/owncloud/lib/../apps/elastic_search/vendor/autoload.php): failed to open stream: No such file or directory in /var/www/owncloud/lib/base.php on line 60
[08-Oct-2018 07:19:53 UTC] PHP Fatal error:  require_once(): Failed opening required '/var/www/owncloud/lib/../apps/elastic_search/vendor/autoload.php' (include_path='.:/usr/share/php') in /var/www/owncloud/lib/base.php on line 60
[08-Oct-2018 07:19:56 UTC] PHP Warning:  require_once(/var/www/owncloud/lib/../apps/elastic_search/vendor/autoload.php): failed to open stream: No such file or directory in /var/www/owncloud/lib/base.php on line 60
[08-Oct-2018 07:19:56 UTC] PHP Fatal error:  require_once(): Failed opening required '/var/www/owncloud/lib/../apps/elastic_search/vendor/autoload.php' (include_path='.:/usr/share/php') in /var/www/owncloud/lib/base.php on line 60
[08-Oct-2018 07:20:19 UTC] PHP Warning:  require_once(/var/www/owncloud/lib/../apps/elastic_search/vendor/autoload.php): failed to open stream: No such file or directory in /var/www/owncloud/lib/base.php on line 60
[08-Oct-2018 07:20:19 UTC] PHP Fatal error:  require_once(): Failed opening required '/var/www/owncloud/lib/../apps/elastic_search/vendor/autoload.php' (include_path='.:/usr/share/php') in /var/www/owncloud/lib/base.php on line 60
[08-Oct-2018 07:20:45 UTC] PHP Warning:  require_once(/var/www/owncloud/lib/../apps/elastic_search/vendor/autoload.php): failed to open stream: No such file or directory in /var/www/owncloud/lib/base.php on line 60
[08-Oct-2018 07:20:45 UTC] PHP Fatal error:  require_once(): Failed opening required '/var/www/owncloud/lib/../apps/elastic_search/vendor/autoload.php' (include_path='.:/usr/share/php') in /var/www/owncloud/lib/base.php on line 60
2018/10/08 07:42:42 [error] 6#6: *11 upstream timed out (110: Connection timed out) while reading response header from upstream, client: 10.0.2.2, server: _, request: "POST /index.php HTTP/1.1", upstream: "fastcgi://172.19.0.3:9000", host: "biznext.local"
2018/10/08 08:56:39 [error] 6#6: *11 upstream timed out (110: Connection timed out) while reading response header from upstream, client: 172.18.0.1, server: _, request: "POST /index.php HTTP/1.1", upstream: "fastcgi://172.18.0.3:9000", host: "biznext.local"
[08-Oct-2018 09:40:21 UTC] PHP Warning:  require_once(/var/www/owncloud/lib/../../server-side/vendor/autoload.php): failed to open stream: No such file or directory in /var/www/owncloud/lib/base.php on line 60
[08-Oct-2018 09:40:21 UTC] PHP Fatal error:  require_once(): Failed opening required '/var/www/owncloud/lib/../../server-side/vendor/autoload.php' (include_path='.:/usr/share/php') in /var/www/owncloud/lib/base.php on line 60
[08-Oct-2018 09:40:22 UTC] PHP Warning:  require_once(/var/www/owncloud/lib/../../server-side/vendor/autoload.php): failed to open stream: No such file or directory in /var/www/owncloud/lib/base.php on line 60
[08-Oct-2018 09:40:22 UTC] PHP Fatal error:  require_once(): Failed opening required '/var/www/owncloud/lib/../../server-side/vendor/autoload.php' (include_path='.:/usr/share/php') in /var/www/owncloud/lib/base.php on line 60
[08-Oct-2018 09:40:22 UTC] PHP Warning:  require_once(/var/www/owncloud/lib/../../server-side/vendor/autoload.php): failed to open stream: No such file or directory in /var/www/owncloud/lib/base.php on line 60
[08-Oct-2018 09:40:22 UTC] PHP Fatal error:  require_once(): Failed opening required '/var/www/owncloud/lib/../../server-side/vendor/autoload.php' (include_path='.:/usr/share/php') in /var/www/owncloud/lib/base.php on line 60
[08-Oct-2018 09:40:22 UTC] PHP Warning:  require_once(/var/www/owncloud/lib/../../server-side/vendor/autoload.php): failed to open stream: No such file or directory in /var/www/owncloud/lib/base.php on line 60
[08-Oct-2018 09:40:22 UTC] PHP Fatal error:  require_once(): Failed opening required '/var/www/owncloud/lib/../../server-side/vendor/autoload.php' (include_path='.:/usr/share/php') in /var/www/owncloud/lib/base.php on line 60
[08-Oct-2018 09:40:23 UTC] PHP Warning:  require_once(/var/www/owncloud/lib/../../server-side/vendor/autoload.php): failed to open stream: No such file or directory in /var/www/owncloud/lib/base.php on line 60
[08-Oct-2018 09:40:23 UTC] PHP Fatal error:  require_once(): Failed opening required '/var/www/owncloud/lib/../../server-side/vendor/autoload.php' (include_path='.:/usr/share/php') in /var/www/owncloud/lib/base.php on line 60
[08-Oct-2018 09:40:23 UTC] PHP Warning:  require_once(/var/www/owncloud/lib/../../server-side/vendor/autoload.php): failed to open stream: No such file or directory in /var/www/owncloud/lib/base.php on line 60
[08-Oct-2018 09:40:23 UTC] PHP Fatal error:  require_once(): Failed opening required '/var/www/owncloud/lib/../../server-side/vendor/autoload.php' (include_path='.:/usr/share/php') in /var/www/owncloud/lib/base.php on line 60
[08-Oct-2018 09:40:23 UTC] PHP Warning:  require_once(/var/www/owncloud/lib/../../server-side/vendor/autoload.php): failed to open stream: No such file or directory in /var/www/owncloud/lib/base.php on line 60
[08-Oct-2018 09:40:23 UTC] PHP Fatal error:  require_once(): Failed opening required '/var/www/owncloud/lib/../../server-side/vendor/autoload.php' (include_path='.:/usr/share/php') in /var/www/owncloud/lib/base.php on line 60
[08-Oct-2018 10:02:20 UTC] PHP Fatal error:  Access level to OCA\homepage\Controller\ShareController::$request must be protected (as in class OCP\AppFramework\Controller) or weaker in /var/www/owncloud/apps/homepage/lib/Controller/ShareController.php on line 18
[08-Oct-2018 10:03:06 UTC] PHP Fatal error:  Access level to OCA\homepage\Controller\ShareController::$request must be protected (as in class OCP\AppFramework\Controller) or weaker in /var/www/owncloud/apps/homepage/lib/Controller/ShareController.php on line 18
[08-Oct-2018 10:03:08 UTC] PHP Fatal error:  Access level to OCA\homepage\Controller\ShareController::$request must be protected (as in class OCP\AppFramework\Controller) or weaker in /var/www/owncloud/apps/homepage/lib/Controller/ShareController.php on line 18
[08-Oct-2018 10:03:33 UTC] PHP Fatal error:  Access level to OCA\homepage\Controller\ShareController::$request must be protected (as in class OCP\AppFramework\Controller) or weaker in /var/www/owncloud/apps/homepage/lib/Controller/ShareController.php on line 18
[08-Oct-2018 10:03:45 UTC] PHP Fatal error:  Access level to OCA\homepage\Controller\ShareController::$request must be protected (as in class OCP\AppFramework\Controller) or weaker in /var/www/owncloud/apps/homepage/lib/Controller/ShareController.php on line 18
[08-Oct-2018 10:04:03 UTC] PHP Fatal error:  Access level to OCA\homepage\Controller\ShareController::$request must be protected (as in class OCP\AppFramework\Controller) or weaker in /var/www/owncloud/apps/homepage/lib/Controller/ShareController.php on line 18
[08-Oct-2018 10:04:04 UTC] PHP Fatal error:  Access level to OCA\homepage\Controller\ShareController::$request must be protected (as in class OCP\AppFramework\Controller) or weaker in /var/www/owncloud/apps/homepage/lib/Controller/ShareController.php on line 18
[08-Oct-2018 10:04:09 UTC] PHP Fatal error:  Access level to OCA\homepage\Controller\ShareController::$request must be protected (as in class OCP\AppFramework\Controller) or weaker in /var/www/owncloud/apps/homepage/lib/Controller/ShareController.php on line 18
[08-Oct-2018 10:05:12 UTC] PHP Fatal error:  Access level to OCA\homepage\Controller\ShareController::$request must be protected (as in class OCP\AppFramework\Controller) or weaker in /var/www/owncloud/apps/homepage/lib/Controller/ShareController.php on line 18
[09-Oct-2018 02:38:53 UTC] PHP Warning:  require_once(/var/www/owncloud/lib/base.php): failed to open stream: No such file or directory in /var/www/owncloud/index.php on line 54
[09-Oct-2018 02:38:53 UTC] PHP Fatal error:  require_once(): Failed opening required '/var/www/owncloud/lib/base.php' (include_path='.:/usr/share/php') in /var/www/owncloud/index.php on line 54
[09-Oct-2018 02:39:11 UTC] PHP Fatal error:  Uncaught Doctrine\DBAL\DBALException: Failed to connect to the database: An exception occured in driver: SQLSTATE[HY000] [2002] No such file or directory in /var/www/owncloud/lib/private/DB/Connection.php:63
Stack trace:
#0 /var/www/owncloud/lib/composer/doctrine/dbal/lib/Doctrine/DBAL/Connection.php(429): OC\DB\Connection->connect()
#1 /var/www/owncloud/lib/composer/doctrine/dbal/lib/Doctrine/DBAL/Connection.php(389): Doctrine\DBAL\Connection->getDatabasePlatformVersion()
#2 /var/www/owncloud/lib/composer/doctrine/dbal/lib/Doctrine/DBAL/Connection.php(328): Doctrine\DBAL\Connection->detectDatabasePlatform()
#3 /var/www/owncloud/lib/composer/doctrine/dbal/lib/Doctrine/DBAL/Connection.php(623): Doctrine\DBAL\Connection->getDatabasePlatform()
#4 /var/www/owncloud/lib/private/DB/Connection.php(146): Doctrine\DBAL\Connection->setTransactionIsolation(2)
#5 /var/www/owncloud/lib/composer/doctrine/dbal/lib/Doctrine/DBAL/DriverManager.php(172): OC\DB\Connection->__construct(Array, Object(Doctrine\DBAL\Driver\PDOMySql in /var/www/owncloud/lib/private/DB/Connection.php on line 63
[09-Oct-2018 02:39:11 UTC] PHP Fatal error:  Uncaught Doctrine\DBAL\DBALException: Failed to connect to the database: An exception occured in driver: SQLSTATE[HY000] [2002] No such file or directory in /var/www/owncloud/lib/private/DB/Connection.php:63
Stack trace:
#0 /var/www/owncloud/lib/composer/doctrine/dbal/lib/Doctrine/DBAL/Connection.php(429): OC\DB\Connection->connect()
#1 /var/www/owncloud/lib/composer/doctrine/dbal/lib/Doctrine/DBAL/Connection.php(389): Doctrine\DBAL\Connection->getDatabasePlatformVersion()
#2 /var/www/owncloud/lib/composer/doctrine/dbal/lib/Doctrine/DBAL/Connection.php(328): Doctrine\DBAL\Connection->detectDatabasePlatform()
#3 /var/www/owncloud/lib/composer/doctrine/dbal/lib/Doctrine/DBAL/Connection.php(623): Doctrine\DBAL\Connection->getDatabasePlatform()
#4 /var/www/owncloud/lib/private/DB/Connection.php(146): Doctrine\DBAL\Connection->setTransactionIsolation(2)
#5 /var/www/owncloud/lib/composer/doctrine/dbal/lib/Doctrine/DBAL/DriverManager.php(172): OC\DB\Connection->__construct(Array, Object(Doctrine\DBAL\Driver\PDOMySql in /var/www/owncloud/lib/private/DB/Connection.php on line 63
[09-Oct-2018 02:39:11 UTC] PHP Warning:  require_once(/var/www/owncloud/lib/base.php): failed to open stream: Stale file handle in /var/www/owncloud/ocs/v1.php on line 38
[09-Oct-2018 02:39:11 UTC] PHP Fatal error:  require_once(): Failed opening required '/var/www/owncloud/ocs/../lib/base.php' (include_path='.:/usr/share/php') in /var/www/owncloud/ocs/v1.php on line 38
[09-Oct-2018 03:10:54 UTC] PHP Fatal error:  Uncaught Doctrine\DBAL\DBALException: Failed to connect to the database: An exception occured in driver: SQLSTATE[HY000] [2002] php_network_getaddresses: getaddrinfo failed: Name or service not known in /var/www/owncloud/lib/private/DB/Connection.php:63
Stack trace:
#0 /var/www/owncloud/lib/composer/doctrine/dbal/lib/Doctrine/DBAL/Connection.php(429): OC\DB\Connection->connect()
#1 /var/www/owncloud/lib/composer/doctrine/dbal/lib/Doctrine/DBAL/Connection.php(389): Doctrine\DBAL\Connection->getDatabasePlatformVersion()
#2 /var/www/owncloud/lib/composer/doctrine/dbal/lib/Doctrine/DBAL/Connection.php(328): Doctrine\DBAL\Connection->detectDatabasePlatform()
#3 /var/www/owncloud/lib/composer/doctrine/dbal/lib/Doctrine/DBAL/Connection.php(623): Doctrine\DBAL\Connection->getDatabasePlatform()
#4 /var/www/owncloud/lib/private/DB/Connection.php(146): Doctrine\DBAL\Connection->setTransactionIsolation(2)
#5 /var/www/owncloud/lib/composer/doctrine/dbal/lib/Doctrine/DBAL/DriverManager.php(172): OC\DB\Connection->__constru in /var/www/owncloud/lib/private/DB/Connection.php on line 63
[09-Oct-2018 03:10:56 UTC] PHP Fatal error:  Uncaught Doctrine\DBAL\DBALException: Failed to connect to the database: An exception occured in driver: SQLSTATE[HY000] [2002] php_network_getaddresses: getaddrinfo failed: Name or service not known in /var/www/owncloud/lib/private/DB/Connection.php:63
Stack trace:
#0 /var/www/owncloud/lib/composer/doctrine/dbal/lib/Doctrine/DBAL/Connection.php(429): OC\DB\Connection->connect()
#1 /var/www/owncloud/lib/composer/doctrine/dbal/lib/Doctrine/DBAL/Connection.php(389): Doctrine\DBAL\Connection->getDatabasePlatformVersion()
#2 /var/www/owncloud/lib/composer/doctrine/dbal/lib/Doctrine/DBAL/Connection.php(328): Doctrine\DBAL\Connection->detectDatabasePlatform()
#3 /var/www/owncloud/lib/composer/doctrine/dbal/lib/Doctrine/DBAL/Connection.php(623): Doctrine\DBAL\Connection->getDatabasePlatform()
#4 /var/www/owncloud/lib/private/DB/Connection.php(146): Doctrine\DBAL\Connection->setTransactionIsolation(2)
#5 /var/www/owncloud/lib/composer/doctrine/dbal/lib/Doctrine/DBAL/DriverManager.php(172): OC\DB\Connection->__constru in /var/www/owncloud/lib/private/DB/Connection.php on line 63
[09-Oct-2018 03:16:34 UTC] {"reqId":"ewP1EhOusMUtMTTa4cqJ","level":3,"time":"2018-10-09T03:16:34+00:00","remoteAddr":"172.20.0.1","user":"--","app":"index","method":"POST","url":"\/index.php\/heartbeat","message":"Exception: {\"Exception\":\"Doctrine\\\\DBAL\\\\Exception\\\\TableNotFoundException\",\"Message\":\"An exception occurred while executing 'SELECT * FROM `oc_appconfig`':\\n\\nSQLSTATE[42S02]: Base table or view not found: 1146 Table 'owncloud.oc_appconfig' doesn't exist\",\"Code\":0,\"Trace\":\"#0 \\\/var\\\/www\\\/owncloud\\\/lib\\\/composer\\\/doctrine\\\/dbal\\\/lib\\\/Doctrine\\\/DBAL\\\/DBALException.php(128): Doctrine\\\\DBAL\\\\Driver\\\\AbstractMySQLDriver->convertException('An exception oc...', Object(Doctrine\\\\DBAL\\\\Driver\\\\PDOException))\\n#1 \\\/var\\\/www\\\/owncloud\\\/lib\\\/composer\\\/doctrine\\\/dbal\\\/lib\\\/Doctrine\\\/DBAL\\\/Connection.php(855): Doctrine\\\\DBAL\\\\DBALException::driverExceptionDuringQuery(Object(Doctrine\\\\DBAL\\\\Driver\\\\PDOMySql\\\\Driver), Object(Doctrine\\\\DBAL\\\\Driver\\\\PDOException), 'SELECT * FROM `...', Array)\\n#2 \\\/var\\\/www\\\/owncloud\\\/lib\\\/private\\\/DB\\\/Connection.php(190): Doctrine\\\\DBAL\\\\Connection->executeQuery('SELECT * FROM `...', Array, Array, NULL)\\n#3 \\\/var\\\/www\\\/owncloud\\\/lib\\\/composer\\\/doctrine\\\/dbal\\\/lib\\\/Doctrine\\\/DBAL\\\/Query\\\/QueryBuilder.php(206): OC\\\\DB\\\\Connection->executeQuery('SELECT * FROM `...', Array, Array)\\n#4 \\\/var\\\/www\\\/owncloud\\\/lib\\\/private\\\/DB\\\/QueryBuilder\\\/QueryBuilder.php(141): Doctrine\\\\DBAL\\\\Query\\\\QueryBuilder->execute()\\n#5 \\\/var\\\/www\\\/owncloud\\\/lib\\\/private\\\/AppConfig.php(277): OC\\\\DB\\\\QueryBuilder\\\\QueryBuilder->execute()\\n#6 \\\/var\\\/www\\\/owncloud\\\/lib\\\/private\\\/AppConfig.php(78): OC\\\\AppConfig->loadConfigValues()\\n#7 \\\/var\\\/www\\\/owncloud\\\/lib\\\/private\\\/AppConfig.php(254): OC\\\\AppConfig->getApps()\\n#8 \\\/var\\\/www\\\/owncloud\\\/lib\\\/private\\\/legacy\\\/app.php(1044): OC\\\\AppConfig->getValues(false, 'installed_versi...')\\n#9 \\\/var\\\/www\\\/owncloud\\\/lib\\\/private\\\/Server.php(380): OC_App::getAppVersions()\\n#10 \\\/var\\\/www\\\/owncloud\\\/lib\\\/composer\\\/pimple\\\/pimple\\\/src\\\/Pimple\\\/Container.php(113): OC\\\\Server->OC\\\\{closure}(Object(OC\\\\Server))\\n#11 \\\/var\\\/www\\\/owncloud\\\/lib\\\/private\\\/AppFramework\\\/Utility\\\/SimpleContainer.php(111): Pimple\\\\Container->offsetGet('MemCacheFactory')\\n#12 \\\/var\\\/www\\\/owncloud\\\/lib\\\/private\\\/ServerContainer.php(87): OC\\\\AppFramework\\\\Utility\\\\SimpleContainer->query('MemCacheFactory')\\n#13 \\\/var\\\/www\\\/owncloud\\\/lib\\\/private\\\/Server.php(1102): OC\\\\ServerContainer->query('MemCacheFactory')\\n#14 \\\/var\\\/www\\\/owncloud\\\/lib\\\/private\\\/Server.php(521): OC\\\\Server->getMemCacheFactory()\\n#15 \\\/var\\\/www\\\/owncloud\\\/lib\\\/composer\\\/pimple\\\/pimple\\\/src\\\/Pimple\\\/Container.php(113): OC\\\\Server->OC\\\\{closure}(Object(OC\\\\Server))\\n#16 \\\/var\\\/www\\\/owncloud\\\/lib\\\/private\\\/AppFramework\\\/Utility\\\/SimpleContainer.php(111): Pimple\\\\Container->offsetGet('AppManager')\\n#17 \\\/var\\\/www\\\/owncloud\\\/lib\\\/private\\\/ServerContainer.php(87): OC\\\\AppFramework\\\\Utility\\\\SimpleContainer->query('AppManager')\\n#18 \\\/var\\\/www\\\/owncloud\\\/lib\\\/private\\\/Server.php(1311): OC\\\\ServerContainer->query('AppManager')\\n#19 \\\/var\\\/www\\\/owncloud\\\/lib\\\/private\\\/legacy\\\/app.php(313): OC\\\\Server->getAppManager()\\n#20 \\\/var\\\/www\\\/owncloud\\\/lib\\\/private\\\/legacy\\\/app.php(107): OC_App::getEnabledApps()\\n#21 \\\/var\\\/www\\\/owncloud\\\/lib\\\/base.php(580): OC_App::loadApps(Array)\\n#22 \\\/var\\\/www\\\/owncloud\\\/lib\\\/base.php(1014): OC::init()\\n#23 \\\/var\\\/www\\\/owncloud\\\/index.php(54): require_once('\\\/var\\\/www\\\/ownclo...')\\n#24 {main}\",\"File\":\"\\\/var\\\/www\\\/owncloud\\\/lib\\\/composer\\\/doctrine\\\/dbal\\\/lib\\\/Doctrine\\\/DBAL\\\/Driver\\\/AbstractMySQLDriver.php\",\"Line\":53}"}
[09-Oct-2018 03:16:35 UTC] {"reqId":"ewP1EhOusMUtMTTa4cqJ","level":3,"time":"2018-10-09T03:16:35+00:00","remoteAddr":"172.20.0.1","user":"--","app":"core","method":"POST","url":"\/index.php\/heartbeat","message":"Exception: {\"Exception\":\"Doctrine\\\\DBAL\\\\Exception\\\\TableNotFoundException\",\"Message\":\"An exception occurred while executing 'SELECT * FROM `oc_appconfig`':\\n\\nSQLSTATE[42S02]: Base table or view not found: 1146 Table 'owncloud.oc_appconfig' doesn't exist\",\"Code\":0,\"Trace\":\"#0 \\\/var\\\/www\\\/owncloud\\\/lib\\\/composer\\\/doctrine\\\/dbal\\\/lib\\\/Doctrine\\\/DBAL\\\/DBALException.php(128): Doctrine\\\\DBAL\\\\Driver\\\\AbstractMySQLDriver->convertException('An exception oc...', Object(Doctrine\\\\DBAL\\\\Driver\\\\PDOException))\\n#1 \\\/var\\\/www\\\/owncloud\\\/lib\\\/composer\\\/doctrine\\\/dbal\\\/lib\\\/Doctrine\\\/DBAL\\\/Connection.php(855): Doctrine\\\\DBAL\\\\DBALException::driverExceptionDuringQuery(Object(Doctrine\\\\DBAL\\\\Driver\\\\PDOMySql\\\\Driver), Object(Doctrine\\\\DBAL\\\\Driver\\\\PDOException), 'SELECT * FROM `...', Array)\\n#2 \\\/var\\\/www\\\/owncloud\\\/lib\\\/private\\\/DB\\\/Connection.php(190): Doctrine\\\\DBAL\\\\Connection->executeQuery('SELECT * FROM `...', Array, Array, NULL)\\n#3 \\\/var\\\/www\\\/owncloud\\\/lib\\\/composer\\\/doctrine\\\/dbal\\\/lib\\\/Doctrine\\\/DBAL\\\/Query\\\/QueryBuilder.php(206): OC\\\\DB\\\\Connection->executeQuery('SELECT * FROM `...', Array, Array)\\n#4 \\\/var\\\/www\\\/owncloud\\\/lib\\\/private\\\/DB\\\/QueryBuilder\\\/QueryBuilder.php(141): Doctrine\\\\DBAL\\\\Query\\\\QueryBuilder->execute()\\n#5 \\\/var\\\/www\\\/owncloud\\\/lib\\\/private\\\/AppConfig.php(277): OC\\\\DB\\\\QueryBuilder\\\\QueryBuilder->execute()\\n#6 \\\/var\\\/www\\\/owncloud\\\/lib\\\/private\\\/AppConfig.php(78): OC\\\\AppConfig->loadConfigValues()\\n#7 \\\/var\\\/www\\\/owncloud\\\/lib\\\/private\\\/AppConfig.php(254): OC\\\\AppConfig->getApps()\\n#8 \\\/var\\\/www\\\/owncloud\\\/lib\\\/private\\\/legacy\\\/app.php(1044): OC\\\\AppConfig->getValues(false, 'installed_versi...')\\n#9 \\\/var\\\/www\\\/owncloud\\\/lib\\\/private\\\/Server.php(380): OC_App::getAppVersions()\\n#10 \\\/var\\\/www\\\/owncloud\\\/lib\\\/composer\\\/pimple\\\/pimple\\\/src\\\/Pimple\\\/Container.php(113): OC\\\\Server->OC\\\\{closure}(Object(OC\\\\Server))\\n#11 \\\/var\\\/www\\\/owncloud\\\/lib\\\/private\\\/AppFramework\\\/Utility\\\/SimpleContainer.php(111): Pimple\\\\Container->offsetGet('MemCacheFactory')\\n#12 \\\/var\\\/www\\\/owncloud\\\/lib\\\/private\\\/ServerContainer.php(87): OC\\\\AppFramework\\\\Utility\\\\SimpleContainer->query('MemCacheFactory')\\n#13 \\\/var\\\/www\\\/owncloud\\\/lib\\\/private\\\/Server.php(1102): OC\\\\ServerContainer->query('MemCacheFactory')\\n#14 \\\/var\\\/www\\\/owncloud\\\/lib\\\/private\\\/Server.php(521): OC\\\\Server->getMemCacheFactory()\\n#15 \\\/var\\\/www\\\/owncloud\\\/lib\\\/composer\\\/pimple\\\/pimple\\\/src\\\/Pimple\\\/Container.php(113): OC\\\\Server->OC\\\\{closure}(Object(OC\\\\Server))\\n#16 \\\/var\\\/www\\\/owncloud\\\/lib\\\/private\\\/AppFramework\\\/Utility\\\/SimpleContainer.php(111): Pimple\\\\Container->offsetGet('AppManager')\\n#17 \\\/var\\\/www\\\/owncloud\\\/lib\\\/private\\\/ServerContainer.php(87): OC\\\\AppFramework\\\\Utility\\\\SimpleContainer->query('AppManager')\\n#18 \\\/var\\\/www\\\/owncloud\\\/lib\\\/private\\\/Server.php(1311): OC\\\\ServerContainer->query('AppManager')\\n#19 \\\/var\\\/www\\\/owncloud\\\/lib\\\/private\\\/legacy\\\/app.php(313): OC\\\\Server->getAppManager()\\n#20 \\\/var\\\/www\\\/owncloud\\\/lib\\\/private\\\/legacy\\\/app.php(107): OC_App::getEnabledApps()\\n#21 \\\/var\\\/www\\\/owncloud\\\/lib\\\/base.php(580): OC_App::loadApps(Array)\\n#22 \\\/var\\\/www\\\/owncloud\\\/lib\\\/base.php(1014): OC::init()\\n#23 \\\/var\\\/www\\\/owncloud\\\/index.php(54): require_once('\\\/var\\\/www\\\/ownclo...')\\n#24 {main}\",\"File\":\"\\\/var\\\/www\\\/owncloud\\\/lib\\\/composer\\\/doctrine\\\/dbal\\\/lib\\\/Doctrine\\\/DBAL\\\/Driver\\\/AbstractMySQLDriver.php\",\"Line\":53}"}
[09-Oct-2018 03:16:35 UTC] {"reqId":"ewP1EhOusMUtMTTa4cqJ","level":3,"time":"2018-10-09T03:16:35+00:00","remoteAddr":"172.20.0.1","user":"--","app":"core","method":"POST","url":"\/index.php\/heartbeat","message":"Exception: {\"Exception\":\"Doctrine\\\\DBAL\\\\Exception\\\\TableNotFoundException\",\"Message\":\"An exception occurred while executing 'SELECT * FROM `oc_appconfig`':\\n\\nSQLSTATE[42S02]: Base table or view not found: 1146 Table 'owncloud.oc_appconfig' doesn't exist\",\"Code\":0,\"Trace\":\"#0 \\\/var\\\/www\\\/owncloud\\\/lib\\\/composer\\\/doctrine\\\/dbal\\\/lib\\\/Doctrine\\\/DBAL\\\/DBALException.php(128): Doctrine\\\\DBAL\\\\Driver\\\\AbstractMySQLDriver->convertException('An exception oc...', Object(Doctrine\\\\DBAL\\\\Driver\\\\PDOException))\\n#1 \\\/var\\\/www\\\/owncloud\\\/lib\\\/composer\\\/doctrine\\\/dbal\\\/lib\\\/Doctrine\\\/DBAL\\\/Connection.php(855): Doctrine\\\\DBAL\\\\DBALException::driverExceptionDuringQuery(Object(Doctrine\\\\DBAL\\\\Driver\\\\PDOMySql\\\\Driver), Object(Doctrine\\\\DBAL\\\\Driver\\\\PDOException), 'SELECT * FROM `...', Array)\\n#2 \\\/var\\\/www\\\/owncloud\\\/lib\\\/private\\\/DB\\\/Connection.php(190): Doctrine\\\\DBAL\\\\Connection->executeQuery('SELECT * FROM `...', Array, Array, NULL)\\n#3 \\\/var\\\/www\\\/owncloud\\\/lib\\\/composer\\\/doctrine\\\/dbal\\\/lib\\\/Doctrine\\\/DBAL\\\/Query\\\/QueryBuilder.php(206): OC\\\\DB\\\\Connection->executeQuery('SELECT * FROM `...', Array, Array)\\n#4 \\\/var\\\/www\\\/owncloud\\\/lib\\\/private\\\/DB\\\/QueryBuilder\\\/QueryBuilder.php(141): Doctrine\\\\DBAL\\\\Query\\\\QueryBuilder->execute()\\n#5 \\\/var\\\/www\\\/owncloud\\\/lib\\\/private\\\/AppConfig.php(277): OC\\\\DB\\\\QueryBuilder\\\\QueryBuilder->execute()\\n#6 \\\/var\\\/www\\\/owncloud\\\/lib\\\/private\\\/AppConfig.php(120): OC\\\\AppConfig->loadConfigValues()\\n#7 \\\/var\\\/www\\\/owncloud\\\/lib\\\/private\\\/AllConfig.php(175): OC\\\\AppConfig->getValue('core', 'OC_Channel', 'stable')\\n#8 \\\/var\\\/www\\\/owncloud\\\/lib\\\/private\\\/legacy\\\/util.php(511): OC\\\\AllConfig->getAppValue('core', 'OC_Channel', 'stable')\\n#9 \\\/var\\\/www\\\/owncloud\\\/lib\\\/private\\\/legacy\\\/util.php(446): OC_Util::loadVersion()\\n#10 \\\/var\\\/www\\\/owncloud\\\/lib\\\/public\\\/Util.php(75): OC_Util::getVersion()\\n#11 \\\/var\\\/www\\\/owncloud\\\/lib\\\/private\\\/legacy\\\/defaults.php(54): OCP\\\\Util::getVersion()\\n#12 \\\/var\\\/www\\\/owncloud\\\/lib\\\/private\\\/legacy\\\/template.php(93): OC_Defaults->__construct()\\n#13 \\\/var\\\/www\\\/owncloud\\\/lib\\\/private\\\/legacy\\\/template.php(358): OC_Template->__construct('', 'exception', 'error', false)\\n#14 \\\/var\\\/www\\\/owncloud\\\/index.php(84): OC_Template::printExceptionErrorPage(Object(Doctrine\\\\DBAL\\\\Exception\\\\TableNotFoundException))\\n#15 {main}\",\"File\":\"\\\/var\\\/www\\\/owncloud\\\/lib\\\/composer\\\/doctrine\\\/dbal\\\/lib\\\/Doctrine\\\/DBAL\\\/Driver\\\/AbstractMySQLDriver.php\",\"Line\":53}"}
[09-Oct-2018 03:16:38 UTC] {"reqId":"XVp4G9r4cxXL6tVgczFw","level":3,"time":"2018-10-09T03:16:38+00:00","remoteAddr":"172.20.0.1","user":"--","app":"index","method":"GET","url":"\/","message":"Exception: {\"Exception\":\"Doctrine\\\\DBAL\\\\Exception\\\\TableNotFoundException\",\"Message\":\"An exception occurred while executing 'SELECT * FROM `oc_appconfig`':\\n\\nSQLSTATE[42S02]: Base table or view not found: 1146 Table 'owncloud.oc_appconfig' doesn't exist\",\"Code\":0,\"Trace\":\"#0 \\\/var\\\/www\\\/owncloud\\\/lib\\\/composer\\\/doctrine\\\/dbal\\\/lib\\\/Doctrine\\\/DBAL\\\/DBALException.php(128): Doctrine\\\\DBAL\\\\Driver\\\\AbstractMySQLDriver->convertException('An exception oc...', Object(Doctrine\\\\DBAL\\\\Driver\\\\PDOException))\\n#1 \\\/var\\\/www\\\/owncloud\\\/lib\\\/composer\\\/doctrine\\\/dbal\\\/lib\\\/Doctrine\\\/DBAL\\\/Connection.php(855): Doctrine\\\\DBAL\\\\DBALException::driverExceptionDuringQuery(Object(Doctrine\\\\DBAL\\\\Driver\\\\PDOMySql\\\\Driver), Object(Doctrine\\\\DBAL\\\\Driver\\\\PDOException), 'SELECT * FROM `...', Array)\\n#2 \\\/var\\\/www\\\/owncloud\\\/lib\\\/private\\\/DB\\\/Connection.php(190): Doctrine\\\\DBAL\\\\Connection->executeQuery('SELECT * FROM `...', Array, Array, NULL)\\n#3 \\\/var\\\/www\\\/owncloud\\\/lib\\\/composer\\\/doctrine\\\/dbal\\\/lib\\\/Doctrine\\\/DBAL\\\/Query\\\/QueryBuilder.php(206): OC\\\\DB\\\\Connection->executeQuery('SELECT * FROM `...', Array, Array)\\n#4 \\\/var\\\/www\\\/owncloud\\\/lib\\\/private\\\/DB\\\/QueryBuilder\\\/QueryBuilder.php(141): Doctrine\\\\DBAL\\\\Query\\\\QueryBuilder->execute()\\n#5 \\\/var\\\/www\\\/owncloud\\\/lib\\\/private\\\/AppConfig.php(277): OC\\\\DB\\\\QueryBuilder\\\\QueryBuilder->execute()\\n#6 \\\/var\\\/www\\\/owncloud\\\/lib\\\/private\\\/AppConfig.php(78): OC\\\\AppConfig->loadConfigValues()\\n#7 \\\/var\\\/www\\\/owncloud\\\/lib\\\/private\\\/AppConfig.php(254): OC\\\\AppConfig->getApps()\\n#8 \\\/var\\\/www\\\/owncloud\\\/lib\\\/private\\\/legacy\\\/app.php(1044): OC\\\\AppConfig->getValues(false, 'installed_versi...')\\n#9 \\\/var\\\/www\\\/owncloud\\\/lib\\\/private\\\/Server.php(380): OC_App::getAppVersions()\\n#10 \\\/var\\\/www\\\/owncloud\\\/lib\\\/composer\\\/pimple\\\/pimple\\\/src\\\/Pimple\\\/Container.php(113): OC\\\\Server->OC\\\\{closure}(Object(OC\\\\Server))\\n#11 \\\/var\\\/www\\\/owncloud\\\/lib\\\/private\\\/AppFramework\\\/Utility\\\/SimpleContainer.php(111): Pimple\\\\Container->offsetGet('MemCacheFactory')\\n#12 \\\/var\\\/www\\\/owncloud\\\/lib\\\/private\\\/ServerContainer.php(87): OC\\\\AppFramework\\\\Utility\\\\SimpleContainer->query('MemCacheFactory')\\n#13 \\\/var\\\/www\\\/owncloud\\\/lib\\\/private\\\/Server.php(1102): OC\\\\ServerContainer->query('MemCacheFactory')\\n#14 \\\/var\\\/www\\\/owncloud\\\/lib\\\/private\\\/Server.php(521): OC\\\\Server->getMemCacheFactory()\\n#15 \\\/var\\\/www\\\/owncloud\\\/lib\\\/composer\\\/pimple\\\/pimple\\\/src\\\/Pimple\\\/Container.php(113): OC\\\\Server->OC\\\\{closure}(Object(OC\\\\Server))\\n#16 \\\/var\\\/www\\\/owncloud\\\/lib\\\/private\\\/AppFramework\\\/Utility\\\/SimpleContainer.php(111): Pimple\\\\Container->offsetGet('AppManager')\\n#17 \\\/var\\\/www\\\/owncloud\\\/lib\\\/private\\\/ServerContainer.php(87): OC\\\\AppFramework\\\\Utility\\\\SimpleContainer->query('AppManager')\\n#18 \\\/var\\\/www\\\/owncloud\\\/lib\\\/private\\\/Server.php(1311): OC\\\\ServerContainer->query('AppManager')\\n#19 \\\/var\\\/www\\\/owncloud\\\/lib\\\/private\\\/legacy\\\/app.php(313): OC\\\\Server->getAppManager()\\n#20 \\\/var\\\/www\\\/owncloud\\\/lib\\\/private\\\/legacy\\\/app.php(107): OC_App::getEnabledApps()\\n#21 \\\/var\\\/www\\\/owncloud\\\/lib\\\/base.php(580): OC_App::loadApps(Array)\\n#22 \\\/var\\\/www\\\/owncloud\\\/lib\\\/base.php(1014): OC::init()\\n#23 \\\/var\\\/www\\\/owncloud\\\/index.php(54): require_once('\\\/var\\\/www\\\/ownclo...')\\n#24 {main}\",\"File\":\"\\\/var\\\/www\\\/owncloud\\\/lib\\\/composer\\\/doctrine\\\/dbal\\\/lib\\\/Doctrine\\\/DBAL\\\/Driver\\\/AbstractMySQLDriver.php\",\"Line\":53}"}
[09-Oct-2018 03:16:38 UTC] {"reqId":"XVp4G9r4cxXL6tVgczFw","level":3,"time":"2018-10-09T03:16:38+00:00","remoteAddr":"172.20.0.1","user":"--","app":"core","method":"GET","url":"\/","message":"Exception: {\"Exception\":\"Doctrine\\\\DBAL\\\\Exception\\\\TableNotFoundException\",\"Message\":\"An exception occurred while executing 'SELECT * FROM `oc_appconfig`':\\n\\nSQLSTATE[42S02]: Base table or view not found: 1146 Table 'owncloud.oc_appconfig' doesn't exist\",\"Code\":0,\"Trace\":\"#0 \\\/var\\\/www\\\/owncloud\\\/lib\\\/composer\\\/doctrine\\\/dbal\\\/lib\\\/Doctrine\\\/DBAL\\\/DBALException.php(128): Doctrine\\\\DBAL\\\\Driver\\\\AbstractMySQLDriver->convertException('An exception oc...', Object(Doctrine\\\\DBAL\\\\Driver\\\\PDOException))\\n#1 \\\/var\\\/www\\\/owncloud\\\/lib\\\/composer\\\/doctrine\\\/dbal\\\/lib\\\/Doctrine\\\/DBAL\\\/Connection.php(855): Doctrine\\\\DBAL\\\\DBALException::driverExceptionDuringQuery(Object(Doctrine\\\\DBAL\\\\Driver\\\\PDOMySql\\\\Driver), Object(Doctrine\\\\DBAL\\\\Driver\\\\PDOException), 'SELECT * FROM `...', Array)\\n#2 \\\/var\\\/www\\\/owncloud\\\/lib\\\/private\\\/DB\\\/Connection.php(190): Doctrine\\\\DBAL\\\\Connection->executeQuery('SELECT * FROM `...', Array, Array, NULL)\\n#3 \\\/var\\\/www\\\/owncloud\\\/lib\\\/composer\\\/doctrine\\\/dbal\\\/lib\\\/Doctrine\\\/DBAL\\\/Query\\\/QueryBuilder.php(206): OC\\\\DB\\\\Connection->executeQuery('SELECT * FROM `...', Array, Array)\\n#4 \\\/var\\\/www\\\/owncloud\\\/lib\\\/private\\\/DB\\\/QueryBuilder\\\/QueryBuilder.php(141): Doctrine\\\\DBAL\\\\Query\\\\QueryBuilder->execute()\\n#5 \\\/var\\\/www\\\/owncloud\\\/lib\\\/private\\\/AppConfig.php(277): OC\\\\DB\\\\QueryBuilder\\\\QueryBuilder->execute()\\n#6 \\\/var\\\/www\\\/owncloud\\\/lib\\\/private\\\/AppConfig.php(78): OC\\\\AppConfig->loadConfigValues()\\n#7 \\\/var\\\/www\\\/owncloud\\\/lib\\\/private\\\/AppConfig.php(254): OC\\\\AppConfig->getApps()\\n#8 \\\/var\\\/www\\\/owncloud\\\/lib\\\/private\\\/legacy\\\/app.php(1044): OC\\\\AppConfig->getValues(false, 'installed_versi...')\\n#9 \\\/var\\\/www\\\/owncloud\\\/lib\\\/private\\\/Server.php(380): OC_App::getAppVersions()\\n#10 \\\/var\\\/www\\\/owncloud\\\/lib\\\/composer\\\/pimple\\\/pimple\\\/src\\\/Pimple\\\/Container.php(113): OC\\\\Server->OC\\\\{closure}(Object(OC\\\\Server))\\n#11 \\\/var\\\/www\\\/owncloud\\\/lib\\\/private\\\/AppFramework\\\/Utility\\\/SimpleContainer.php(111): Pimple\\\\Container->offsetGet('MemCacheFactory')\\n#12 \\\/var\\\/www\\\/owncloud\\\/lib\\\/private\\\/ServerContainer.php(87): OC\\\\AppFramework\\\\Utility\\\\SimpleContainer->query('MemCacheFactory')\\n#13 \\\/var\\\/www\\\/owncloud\\\/lib\\\/private\\\/Server.php(1102): OC\\\\ServerContainer->query('MemCacheFactory')\\n#14 \\\/var\\\/www\\\/owncloud\\\/lib\\\/private\\\/Server.php(521): OC\\\\Server->getMemCacheFactory()\\n#15 \\\/var\\\/www\\\/owncloud\\\/lib\\\/composer\\\/pimple\\\/pimple\\\/src\\\/Pimple\\\/Container.php(113): OC\\\\Server->OC\\\\{closure}(Object(OC\\\\Server))\\n#16 \\\/var\\\/www\\\/owncloud\\\/lib\\\/private\\\/AppFramework\\\/Utility\\\/SimpleContainer.php(111): Pimple\\\\Container->offsetGet('AppManager')\\n#17 \\\/var\\\/www\\\/owncloud\\\/lib\\\/private\\\/ServerContainer.php(87): OC\\\\AppFramework\\\\Utility\\\\SimpleContainer->query('AppManager')\\n#18 \\\/var\\\/www\\\/owncloud\\\/lib\\\/private\\\/Server.php(1311): OC\\\\ServerContainer->query('AppManager')\\n#19 \\\/var\\\/www\\\/owncloud\\\/lib\\\/private\\\/legacy\\\/app.php(313): OC\\\\Server->getAppManager()\\n#20 \\\/var\\\/www\\\/owncloud\\\/lib\\\/private\\\/legacy\\\/app.php(107): OC_App::getEnabledApps()\\n#21 \\\/var\\\/www\\\/owncloud\\\/lib\\\/base.php(580): OC_App::loadApps(Array)\\n#22 \\\/var\\\/www\\\/owncloud\\\/lib\\\/base.php(1014): OC::init()\\n#23 \\\/var\\\/www\\\/owncloud\\\/index.php(54): require_once('\\\/var\\\/www\\\/ownclo...')\\n#24 {main}\",\"File\":\"\\\/var\\\/www\\\/owncloud\\\/lib\\\/composer\\\/doctrine\\\/dbal\\\/lib\\\/Doctrine\\\/DBAL\\\/Driver\\\/AbstractMySQLDriver.php\",\"Line\":53}"}
[09-Oct-2018 03:16:38 UTC] {"reqId":"XVp4G9r4cxXL6tVgczFw","level":3,"time":"2018-10-09T03:16:38+00:00","remoteAddr":"172.20.0.1","user":"--","app":"core","method":"GET","url":"\/","message":"Exception: {\"Exception\":\"Doctrine\\\\DBAL\\\\Exception\\\\TableNotFoundException\",\"Message\":\"An exception occurred while executing 'SELECT * FROM `oc_appconfig`':\\n\\nSQLSTATE[42S02]: Base table or view not found: 1146 Table 'owncloud.oc_appconfig' doesn't exist\",\"Code\":0,\"Trace\":\"#0 \\\/var\\\/www\\\/owncloud\\\/lib\\\/composer\\\/doctrine\\\/dbal\\\/lib\\\/Doctrine\\\/DBAL\\\/DBALException.php(128): Doctrine\\\\DBAL\\\\Driver\\\\AbstractMySQLDriver->convertException('An exception oc...', Object(Doctrine\\\\DBAL\\\\Driver\\\\PDOException))\\n#1 \\\/var\\\/www\\\/owncloud\\\/lib\\\/composer\\\/doctrine\\\/dbal\\\/lib\\\/Doctrine\\\/DBAL\\\/Connection.php(855): Doctrine\\\\DBAL\\\\DBALException::driverExceptionDuringQuery(Object(Doctrine\\\\DBAL\\\\Driver\\\\PDOMySql\\\\Driver), Object(Doctrine\\\\DBAL\\\\Driver\\\\PDOException), 'SELECT * FROM `...', Array)\\n#2 \\\/var\\\/www\\\/owncloud\\\/lib\\\/private\\\/DB\\\/Connection.php(190): Doctrine\\\\DBAL\\\\Connection->executeQuery('SELECT * FROM `...', Array, Array, NULL)\\n#3 \\\/var\\\/www\\\/owncloud\\\/lib\\\/composer\\\/doctrine\\\/dbal\\\/lib\\\/Doctrine\\\/DBAL\\\/Query\\\/QueryBuilder.php(206): OC\\\\DB\\\\Connection->executeQuery('SELECT * FROM `...', Array, Array)\\n#4 \\\/var\\\/www\\\/owncloud\\\/lib\\\/private\\\/DB\\\/QueryBuilder\\\/QueryBuilder.php(141): Doctrine\\\\DBAL\\\\Query\\\\QueryBuilder->execute()\\n#5 \\\/var\\\/www\\\/owncloud\\\/lib\\\/private\\\/AppConfig.php(277): OC\\\\DB\\\\QueryBuilder\\\\QueryBuilder->execute()\\n#6 \\\/var\\\/www\\\/owncloud\\\/lib\\\/private\\\/AppConfig.php(120): OC\\\\AppConfig->loadConfigValues()\\n#7 \\\/var\\\/www\\\/owncloud\\\/lib\\\/private\\\/AllConfig.php(175): OC\\\\AppConfig->getValue('core', 'OC_Channel', 'stable')\\n#8 \\\/var\\\/www\\\/owncloud\\\/lib\\\/private\\\/legacy\\\/util.php(511): OC\\\\AllConfig->getAppValue('core', 'OC_Channel', 'stable')\\n#9 \\\/var\\\/www\\\/owncloud\\\/lib\\\/private\\\/legacy\\\/util.php(446): OC_Util::loadVersion()\\n#10 \\\/var\\\/www\\\/owncloud\\\/lib\\\/public\\\/Util.php(75): OC_Util::getVersion()\\n#11 \\\/var\\\/www\\\/owncloud\\\/lib\\\/private\\\/legacy\\\/defaults.php(54): OCP\\\\Util::getVersion()\\n#12 \\\/var\\\/www\\\/owncloud\\\/lib\\\/private\\\/legacy\\\/template.php(93): OC_Defaults->__construct()\\n#13 \\\/var\\\/www\\\/owncloud\\\/lib\\\/private\\\/legacy\\\/template.php(358): OC_Template->__construct('', 'exception', 'error', false)\\n#14 \\\/var\\\/www\\\/owncloud\\\/index.php(84): OC_Template::printExceptionErrorPage(Object(Doctrine\\\\DBAL\\\\Exception\\\\TableNotFoundException))\\n#15 {main}\",\"File\":\"\\\/var\\\/www\\\/owncloud\\\/lib\\\/composer\\\/doctrine\\\/dbal\\\/lib\\\/Doctrine\\\/DBAL\\\/Driver\\\/AbstractMySQLDriver.php\",\"Line\":53}"}
[09-Oct-2018 03:16:39 UTC] {"reqId":"hdA5fwkmqV0WaJQ8KYKK","level":3,"time":"2018-10-09T03:16:39+00:00","remoteAddr":"172.20.0.1","user":"--","app":"index","method":"GET","url":"\/favicon.ico","message":"Exception: {\"Exception\":\"Doctrine\\\\DBAL\\\\Exception\\\\TableNotFoundException\",\"Message\":\"An exception occurred while executing 'SELECT * FROM `oc_appconfig`':\\n\\nSQLSTATE[42S02]: Base table or view not found: 1146 Table 'owncloud.oc_appconfig' doesn't exist\",\"Code\":0,\"Trace\":\"#0 \\\/var\\\/www\\\/owncloud\\\/lib\\\/composer\\\/doctrine\\\/dbal\\\/lib\\\/Doctrine\\\/DBAL\\\/DBALException.php(128): Doctrine\\\\DBAL\\\\Driver\\\\AbstractMySQLDriver->convertException('An exception oc...', Object(Doctrine\\\\DBAL\\\\Driver\\\\PDOException))\\n#1 \\\/var\\\/www\\\/owncloud\\\/lib\\\/composer\\\/doctrine\\\/dbal\\\/lib\\\/Doctrine\\\/DBAL\\\/Connection.php(855): Doctrine\\\\DBAL\\\\DBALException::driverExceptionDuringQuery(Object(Doctrine\\\\DBAL\\\\Driver\\\\PDOMySql\\\\Driver), Object(Doctrine\\\\DBAL\\\\Driver\\\\PDOException), 'SELECT * FROM `...', Array)\\n#2 \\\/var\\\/www\\\/owncloud\\\/lib\\\/private\\\/DB\\\/Connection.php(190): Doctrine\\\\DBAL\\\\Connection->executeQuery('SELECT * FROM `...', Array, Array, NULL)\\n#3 \\\/var\\\/www\\\/owncloud\\\/lib\\\/composer\\\/doctrine\\\/dbal\\\/lib\\\/Doctrine\\\/DBAL\\\/Query\\\/QueryBuilder.php(206): OC\\\\DB\\\\Connection->executeQuery('SELECT * FROM `...', Array, Array)\\n#4 \\\/var\\\/www\\\/owncloud\\\/lib\\\/private\\\/DB\\\/QueryBuilder\\\/QueryBuilder.php(141): Doctrine\\\\DBAL\\\\Query\\\\QueryBuilder->execute()\\n#5 \\\/var\\\/www\\\/owncloud\\\/lib\\\/private\\\/AppConfig.php(277): OC\\\\DB\\\\QueryBuilder\\\\QueryBuilder->execute()\\n#6 \\\/var\\\/www\\\/owncloud\\\/lib\\\/private\\\/AppConfig.php(78): OC\\\\AppConfig->loadConfigValues()\\n#7 \\\/var\\\/www\\\/owncloud\\\/lib\\\/private\\\/AppConfig.php(254): OC\\\\AppConfig->getApps()\\n#8 \\\/var\\\/www\\\/owncloud\\\/lib\\\/private\\\/legacy\\\/app.php(1044): OC\\\\AppConfig->getValues(false, 'installed_versi...')\\n#9 \\\/var\\\/www\\\/owncloud\\\/lib\\\/private\\\/Server.php(380): OC_App::getAppVersions()\\n#10 \\\/var\\\/www\\\/owncloud\\\/lib\\\/composer\\\/pimple\\\/pimple\\\/src\\\/Pimple\\\/Container.php(113): OC\\\\Server->OC\\\\{closure}(Object(OC\\\\Server))\\n#11 \\\/var\\\/www\\\/owncloud\\\/lib\\\/private\\\/AppFramework\\\/Utility\\\/SimpleContainer.php(111): Pimple\\\\Container->offsetGet('MemCacheFactory')\\n#12 \\\/var\\\/www\\\/owncloud\\\/lib\\\/private\\\/ServerContainer.php(87): OC\\\\AppFramework\\\\Utility\\\\SimpleContainer->query('MemCacheFactory')\\n#13 \\\/var\\\/www\\\/owncloud\\\/lib\\\/private\\\/Server.php(1102): OC\\\\ServerContainer->query('MemCacheFactory')\\n#14 \\\/var\\\/www\\\/owncloud\\\/lib\\\/private\\\/Server.php(521): OC\\\\Server->getMemCacheFactory()\\n#15 \\\/var\\\/www\\\/owncloud\\\/lib\\\/composer\\\/pimple\\\/pimple\\\/src\\\/Pimple\\\/Container.php(113): OC\\\\Server->OC\\\\{closure}(Object(OC\\\\Server))\\n#16 \\\/var\\\/www\\\/owncloud\\\/lib\\\/private\\\/AppFramework\\\/Utility\\\/SimpleContainer.php(111): Pimple\\\\Container->offsetGet('AppManager')\\n#17 \\\/var\\\/www\\\/owncloud\\\/lib\\\/private\\\/ServerContainer.php(87): OC\\\\AppFramework\\\\Utility\\\\SimpleContainer->query('AppManager')\\n#18 \\\/var\\\/www\\\/owncloud\\\/lib\\\/private\\\/Server.php(1311): OC\\\\ServerContainer->query('AppManager')\\n#19 \\\/var\\\/www\\\/owncloud\\\/lib\\\/private\\\/legacy\\\/app.php(313): OC\\\\Server->getAppManager()\\n#20 \\\/var\\\/www\\\/owncloud\\\/lib\\\/private\\\/legacy\\\/app.php(107): OC_App::getEnabledApps()\\n#21 \\\/var\\\/www\\\/owncloud\\\/lib\\\/base.php(580): OC_App::loadApps(Array)\\n#22 \\\/var\\\/www\\\/owncloud\\\/lib\\\/base.php(1014): OC::init()\\n#23 \\\/var\\\/www\\\/owncloud\\\/index.php(54): require_once('\\\/var\\\/www\\\/ownclo...')\\n#24 {main}\",\"File\":\"\\\/var\\\/www\\\/owncloud\\\/lib\\\/composer\\\/doctrine\\\/dbal\\\/lib\\\/Doctrine\\\/DBAL\\\/Driver\\\/AbstractMySQLDriver.php\",\"Line\":53}"}
[09-Oct-2018 03:16:39 UTC] {"reqId":"hdA5fwkmqV0WaJQ8KYKK","level":3,"time":"2018-10-09T03:16:39+00:00","remoteAddr":"172.20.0.1","user":"--","app":"core","method":"GET","url":"\/favicon.ico","message":"Exception: {\"Exception\":\"Doctrine\\\\DBAL\\\\Exception\\\\TableNotFoundException\",\"Message\":\"An exception occurred while executing 'SELECT * FROM `oc_appconfig`':\\n\\nSQLSTATE[42S02]: Base table or view not found: 1146 Table 'owncloud.oc_appconfig' doesn't exist\",\"Code\":0,\"Trace\":\"#0 \\\/var\\\/www\\\/owncloud\\\/lib\\\/composer\\\/doctrine\\\/dbal\\\/lib\\\/Doctrine\\\/DBAL\\\/DBALException.php(128): Doctrine\\\\DBAL\\\\Driver\\\\AbstractMySQLDriver->convertException('An exception oc...', Object(Doctrine\\\\DBAL\\\\Driver\\\\PDOException))\\n#1 \\\/var\\\/www\\\/owncloud\\\/lib\\\/composer\\\/doctrine\\\/dbal\\\/lib\\\/Doctrine\\\/DBAL\\\/Connection.php(855): Doctrine\\\\DBAL\\\\DBALException::driverExceptionDuringQuery(Object(Doctrine\\\\DBAL\\\\Driver\\\\PDOMySql\\\\Driver), Object(Doctrine\\\\DBAL\\\\Driver\\\\PDOException), 'SELECT * FROM `...', Array)\\n#2 \\\/var\\\/www\\\/owncloud\\\/lib\\\/private\\\/DB\\\/Connection.php(190): Doctrine\\\\DBAL\\\\Connection->executeQuery('SELECT * FROM `...', Array, Array, NULL)\\n#3 \\\/var\\\/www\\\/owncloud\\\/lib\\\/composer\\\/doctrine\\\/dbal\\\/lib\\\/Doctrine\\\/DBAL\\\/Query\\\/QueryBuilder.php(206): OC\\\\DB\\\\Connection->executeQuery('SELECT * FROM `...', Array, Array)\\n#4 \\\/var\\\/www\\\/owncloud\\\/lib\\\/private\\\/DB\\\/QueryBuilder\\\/QueryBuilder.php(141): Doctrine\\\\DBAL\\\\Query\\\\QueryBuilder->execute()\\n#5 \\\/var\\\/www\\\/owncloud\\\/lib\\\/private\\\/AppConfig.php(277): OC\\\\DB\\\\QueryBuilder\\\\QueryBuilder->execute()\\n#6 \\\/var\\\/www\\\/owncloud\\\/lib\\\/private\\\/AppConfig.php(78): OC\\\\AppConfig->loadConfigValues()\\n#7 \\\/var\\\/www\\\/owncloud\\\/lib\\\/private\\\/AppConfig.php(254): OC\\\\AppConfig->getApps()\\n#8 \\\/var\\\/www\\\/owncloud\\\/lib\\\/private\\\/legacy\\\/app.php(1044): OC\\\\AppConfig->getValues(false, 'installed_versi...')\\n#9 \\\/var\\\/www\\\/owncloud\\\/lib\\\/private\\\/Server.php(380): OC_App::getAppVersions()\\n#10 \\\/var\\\/www\\\/owncloud\\\/lib\\\/composer\\\/pimple\\\/pimple\\\/src\\\/Pimple\\\/Container.php(113): OC\\\\Server->OC\\\\{closure}(Object(OC\\\\Server))\\n#11 \\\/var\\\/www\\\/owncloud\\\/lib\\\/private\\\/AppFramework\\\/Utility\\\/SimpleContainer.php(111): Pimple\\\\Container->offsetGet('MemCacheFactory')\\n#12 \\\/var\\\/www\\\/owncloud\\\/lib\\\/private\\\/ServerContainer.php(87): OC\\\\AppFramework\\\\Utility\\\\SimpleContainer->query('MemCacheFactory')\\n#13 \\\/var\\\/www\\\/owncloud\\\/lib\\\/private\\\/Server.php(1102): OC\\\\ServerContainer->query('MemCacheFactory')\\n#14 \\\/var\\\/www\\\/owncloud\\\/lib\\\/private\\\/Server.php(521): OC\\\\Server->getMemCacheFactory()\\n#15 \\\/var\\\/www\\\/owncloud\\\/lib\\\/composer\\\/pimple\\\/pimple\\\/src\\\/Pimple\\\/Container.php(113): OC\\\\Server->OC\\\\{closure}(Object(OC\\\\Server))\\n#16 \\\/var\\\/www\\\/owncloud\\\/lib\\\/private\\\/AppFramework\\\/Utility\\\/SimpleContainer.php(111): Pimple\\\\Container->offsetGet('AppManager')\\n#17 \\\/var\\\/www\\\/owncloud\\\/lib\\\/private\\\/ServerContainer.php(87): OC\\\\AppFramework\\\\Utility\\\\SimpleContainer->query('AppManager')\\n#18 \\\/var\\\/www\\\/owncloud\\\/lib\\\/private\\\/Server.php(1311): OC\\\\ServerContainer->query('AppManager')\\n#19 \\\/var\\\/www\\\/owncloud\\\/lib\\\/private\\\/legacy\\\/app.php(313): OC\\\\Server->getAppManager()\\n#20 \\\/var\\\/www\\\/owncloud\\\/lib\\\/private\\\/legacy\\\/app.php(107): OC_App::getEnabledApps()\\n#21 \\\/var\\\/www\\\/owncloud\\\/lib\\\/base.php(580): OC_App::loadApps(Array)\\n#22 \\\/var\\\/www\\\/owncloud\\\/lib\\\/base.php(1014): OC::init()\\n#23 \\\/var\\\/www\\\/owncloud\\\/index.php(54): require_once('\\\/var\\\/www\\\/ownclo...')\\n#24 {main}\",\"File\":\"\\\/var\\\/www\\\/owncloud\\\/lib\\\/composer\\\/doctrine\\\/dbal\\\/lib\\\/Doctrine\\\/DBAL\\\/Driver\\\/AbstractMySQLDriver.php\",\"Line\":53}"}
[09-Oct-2018 03:16:39 UTC] {"reqId":"hdA5fwkmqV0WaJQ8KYKK","level":3,"time":"2018-10-09T03:16:39+00:00","remoteAddr":"172.20.0.1","user":"--","app":"core","method":"GET","url":"\/favicon.ico","message":"Exception: {\"Exception\":\"Doctrine\\\\DBAL\\\\Exception\\\\TableNotFoundException\",\"Message\":\"An exception occurred while executing 'SELECT * FROM `oc_appconfig`':\\n\\nSQLSTATE[42S02]: Base table or view not found: 1146 Table 'owncloud.oc_appconfig' doesn't exist\",\"Code\":0,\"Trace\":\"#0 \\\/var\\\/www\\\/owncloud\\\/lib\\\/composer\\\/doctrine\\\/dbal\\\/lib\\\/Doctrine\\\/DBAL\\\/DBALException.php(128): Doctrine\\\\DBAL\\\\Driver\\\\AbstractMySQLDriver->convertException('An exception oc...', Object(Doctrine\\\\DBAL\\\\Driver\\\\PDOException))\\n#1 \\\/var\\\/www\\\/owncloud\\\/lib\\\/composer\\\/doctrine\\\/dbal\\\/lib\\\/Doctrine\\\/DBAL\\\/Connection.php(855): Doctrine\\\\DBAL\\\\DBALException::driverExceptionDuringQuery(Object(Doctrine\\\\DBAL\\\\Driver\\\\PDOMySql\\\\Driver), Object(Doctrine\\\\DBAL\\\\Driver\\\\PDOException), 'SELECT * FROM `...', Array)\\n#2 \\\/var\\\/www\\\/owncloud\\\/lib\\\/private\\\/DB\\\/Connection.php(190): Doctrine\\\\DBAL\\\\Connection->executeQuery('SELECT * FROM `...', Array, Array, NULL)\\n#3 \\\/var\\\/www\\\/owncloud\\\/lib\\\/composer\\\/doctrine\\\/dbal\\\/lib\\\/Doctrine\\\/DBAL\\\/Query\\\/QueryBuilder.php(206): OC\\\\DB\\\\Connection->executeQuery('SELECT * FROM `...', Array, Array)\\n#4 \\\/var\\\/www\\\/owncloud\\\/lib\\\/private\\\/DB\\\/QueryBuilder\\\/QueryBuilder.php(141): Doctrine\\\\DBAL\\\\Query\\\\QueryBuilder->execute()\\n#5 \\\/var\\\/www\\\/owncloud\\\/lib\\\/private\\\/AppConfig.php(277): OC\\\\DB\\\\QueryBuilder\\\\QueryBuilder->execute()\\n#6 \\\/var\\\/www\\\/owncloud\\\/lib\\\/private\\\/AppConfig.php(120): OC\\\\AppConfig->loadConfigValues()\\n#7 \\\/var\\\/www\\\/owncloud\\\/lib\\\/private\\\/AllConfig.php(175): OC\\\\AppConfig->getValue('core', 'OC_Channel', 'stable')\\n#8 \\\/var\\\/www\\\/owncloud\\\/lib\\\/private\\\/legacy\\\/util.php(511): OC\\\\AllConfig->getAppValue('core', 'OC_Channel', 'stable')\\n#9 \\\/var\\\/www\\\/owncloud\\\/lib\\\/private\\\/legacy\\\/util.php(446): OC_Util::loadVersion()\\n#10 \\\/var\\\/www\\\/owncloud\\\/lib\\\/public\\\/Util.php(75): OC_Util::getVersion()\\n#11 \\\/var\\\/www\\\/owncloud\\\/lib\\\/private\\\/legacy\\\/defaults.php(54): OCP\\\\Util::getVersion()\\n#12 \\\/var\\\/www\\\/owncloud\\\/lib\\\/private\\\/legacy\\\/template.php(93): OC_Defaults->__construct()\\n#13 \\\/var\\\/www\\\/owncloud\\\/lib\\\/private\\\/legacy\\\/template.php(358): OC_Template->__construct('', 'exception', 'error', false)\\n#14 \\\/var\\\/www\\\/owncloud\\\/index.php(84): OC_Template::printExceptionErrorPage(Object(Doctrine\\\\DBAL\\\\Exception\\\\TableNotFoundException))\\n#15 {main}\",\"File\":\"\\\/var\\\/www\\\/owncloud\\\/lib\\\/composer\\\/doctrine\\\/dbal\\\/lib\\\/Doctrine\\\/DBAL\\\/Driver\\\/AbstractMySQLDriver.php\",\"Line\":53}"}
2018/10/10 02:06:01 [error] 6#6: *1 connect() failed (111: Connection refused) while connecting to upstream, client: 172.23.0.1, server: _, request: "GET /index.php/apps/files/?dir=/&view=sharingin HTTP/1.1", upstream: "fastcgi://172.23.0.4:9000", host: "qadocs.online"
2018/10/10 02:06:01 [error] 6#6: *1 connect() failed (111: Connection refused) while connecting to upstream, client: 172.23.0.1, server: _, request: "GET /favicon.ico HTTP/1.1", upstream: "fastcgi://172.23.0.4:9000", host: "qadocs.online", referrer: "http://qadocs.online/index.php/apps/files/?dir=/&view=sharingin"
2018/10/10 02:06:03 [error] 6#6: *1 connect() failed (111: Connection refused) while connecting to upstream, client: 172.23.0.1, server: _, request: "GET /index.php/apps/files/?dir=/&view=sharingin HTTP/1.1", upstream: "fastcgi://172.23.0.4:9000", host: "qadocs.online"
2018/10/10 02:06:03 [error] 6#6: *1 connect() failed (111: Connection refused) while connecting to upstream, client: 172.23.0.1, server: _, request: "GET /favicon.ico HTTP/1.1", upstream: "fastcgi://172.23.0.4:9000", host: "qadocs.online", referrer: "http://qadocs.online/index.php/apps/files/?dir=/&view=sharingin"
